2024-11-18 13:48:52,894  -----selenium------  INFO  启动edge浏览器,耗时:3.5362863540649414秒
2024-11-18 13:48:56,436  -----selenium------  INFO  打开地址http://39.102.208.214/haidao/index.php?m=admin&c=index&a=index,耗时:3.536560535430908秒
2024-11-18 13:48:56,471  -----selenium------  INFO  等待元素name,username,耗时:0.03362321853637695秒
2024-11-18 13:48:56,582  -----selenium------  INFO  输入内容name,username,admin,耗时:0.14532232284545898秒
2024-11-18 13:48:56,597  -----selenium------  INFO  等待元素name,password,耗时:0.013504743576049805秒
2024-11-18 13:48:56,694  -----selenium------  INFO  输入内容name,password,111111,耗时:0.11046624183654785秒
2024-11-18 13:48:56,717  -----selenium------  INFO  等待元素name,dosubmit,耗时:0.02184128761291504秒
2024-11-18 13:48:57,319  -----selenium------  INFO  点击元素name,dosubmit,耗时:0.623877763748169秒
2024-11-18 13:48:57,339  -----selenium------  INFO  等待元素text,商品,耗时:0.018334150314331055秒
2024-11-18 13:48:57,623  -----selenium------  INFO  点击元素text,商品,耗时:0.3022892475128174秒
2024-11-18 13:48:57,682  -----selenium------  INFO  等待元素name,main_frame,耗时:0.058289527893066406秒
2024-11-18 13:48:58,006  -----selenium------  INFO  切换框架name,main_frame,耗时:0.3819258213043213秒
2024-11-18 13:48:58,043  -----selenium------  INFO  等待元素text,添加,耗时:0.035765886306762695秒
2024-11-18 13:48:58,569  -----selenium------  INFO  点击元素text,添加,耗时:0.5622942447662354秒
2024-11-18 13:48:58,586  -----selenium------  INFO  等待元素name,name,耗时:0.016463756561279297秒
2024-11-18 13:48:58,672  -----selenium------  INFO  输入内容name,name,商品7154283,耗时:0.10262441635131836秒
2024-11-18 13:48:58,698  -----selenium------  INFO  等待元素xpath,/html/body/div[2]/form/div[2]/div[3]/div/div/div[1]/input[1],耗时:0.02596139907836914秒
2024-11-18 13:48:58,974  -----selenium------  INFO  点击元素xpath,/html/body/div[2]/form/div[2]/div[3]/div/div/div[1]/input[1],耗时:0.3018226623535156秒
2024-11-18 13:48:58,998  -----selenium------  INFO  等待元素xpath,/html/body/div[2]/form/div[2]/div[3]/div/div/div[3]/span[1],耗时:0.023096561431884766秒
2024-11-18 13:48:59,249  -----selenium------  INFO  点击元素xpath,/html/body/div[2]/form/div[2]/div[3]/div/div/div[3]/span[1],耗时:0.2743954658508301秒
2024-11-18 13:48:59,267  -----selenium------  INFO  等待元素xpath,/html/body/div[2]/form/div[1]/div/div/input[2],耗时:0.01658487319946289秒
2024-11-18 13:48:59,603  -----selenium------  INFO  点击元素xpath,/html/body/div[2]/form/div[1]/div/div/input[2],耗时:0.3526279926300049秒
2024-11-18 13:48:59,611  -----selenium------  INFO  切换默认框架,耗时:0.006999969482421875秒
2024-11-18 13:48:59,668  -----selenium------  INFO  等待元素xpath,/html/body/div[6]/div/table/tbody/tr[2]/td/div/iframe,耗时:0.05531811714172363秒
2024-11-18 13:48:59,816  -----selenium------  INFO  切换框架xpath,/html/body/div[6]/div/table/tbody/tr[2]/td/div/iframe,耗时:0.20354700088500977秒
2024-11-18 13:48:59,868  -----selenium------  INFO  等待元素xpath, /html/body/div/div[1]/div[1]/a[1],耗时:0.05047607421875秒
2024-11-18 13:49:00,181  -----selenium------  INFO  点击元素xpath, /html/body/div/div[1]/div[1]/a[1],耗时:0.3631308078765869秒
2024-11-18 13:49:00,217  -----selenium------  INFO  等待元素id,okbtn,耗时:0.036267995834350586秒
2024-11-18 13:49:00,474  -----selenium------  INFO  点击元素id,okbtn,耗时:0.29341626167297363秒
2024-11-18 13:49:00,479  -----selenium------  INFO  切换默认框架,耗时:0.0041844844818115234秒
2024-11-18 13:49:01,492  -----selenium------  INFO  等待元素name,main_frame,耗时:0.01126861572265625秒
2024-11-18 13:49:01,539  -----selenium------  INFO  切换框架name,main_frame,耗时:0.05850839614868164秒
2024-11-18 13:49:01,554  -----selenium------  INFO  等待元素id,release,耗时:0.013295650482177734秒
2024-11-18 13:49:01,784  -----selenium------  INFO  点击元素id,release,耗时:0.24388337135314941秒
2024-11-18 13:49:02,050  -----selenium------  INFO  等待元素name,shop_price[],耗时:0.2643768787384033秒
2024-11-18 13:49:02,162  -----selenium------  INFO  清除内容name,shop_price[],耗时:0.37638282775878906秒
2024-11-18 13:49:02,173  -----selenium------  INFO  等待元素name,shop_price[],耗时:0.011430978775024414秒
2024-11-18 13:49:02,279  -----selenium------  INFO  输入内容name,shop_price[],1007006,耗时:0.1173102855682373秒
2024-11-18 13:49:02,303  -----selenium------  INFO  等待元素name,market_price[],耗时:0.022328615188598633秒
2024-11-18 13:49:02,397  -----selenium------  INFO  清除内容name,market_price[],耗时:0.11653375625610352秒
2024-11-18 13:49:02,430  -----selenium------  INFO  等待元素name,market_price[],耗时:0.03156685829162598秒
2024-11-18 13:49:02,594  -----selenium------  INFO  输入内容name,market_price[],201707,耗时:0.19629502296447754秒
2024-11-18 13:49:02,629  -----selenium------  INFO  等待元素name,number[],耗时:0.03406190872192383秒
2024-11-18 13:49:02,896  -----selenium------  INFO  输入内容name,number[],504583,耗时:0.3007991313934326秒
2024-11-18 13:49:03,913  -----selenium------  INFO  等待元素name,dosubmit,耗时:0.015323638916015625秒
2024-11-18 13:49:04,130  -----selenium------  INFO  点击元素name,dosubmit,耗时:0.2327251434326172秒
2024-11-18 13:49:05,146  -----selenium------  INFO  等待元素name,dosubmit,耗时:0.01360940933227539秒
2024-11-18 13:49:05,340  -----selenium------  INFO  点击元素name,dosubmit,耗时:0.20753169059753418秒
2024-11-18 13:49:07,360  -----selenium------  INFO  等待元素id,goods_attr,耗时:0.019262313842773438秒
2024-11-18 13:49:07,571  -----selenium------  INFO  点击元素id,goods_attr,耗时:0.22921276092529297秒
2024-11-18 13:49:08,590  -----selenium------  INFO  等待元素xpath,/html/body/div[2]/div/form/div[1]/div[2]/div,耗时:1.0187058448791504秒
2024-11-18 13:49:08,717  -----selenium------  INFO  输入内容xpath,/html/body/div[2]/div/form/div[1]/div[2]/div,63208,耗时:1.14455246925354秒
2024-11-18 13:49:08,733  -----selenium------  INFO  等待元素xpath,/html/body/div[2]/div/form/div[2]/input,耗时:0.015836715698242188秒
2024-11-18 13:49:09,240  -----selenium------  INFO  点击元素xpath,/html/body/div[2]/div/form/div[2]/input,耗时:0.5230064392089844秒
2024-11-18 13:49:09,258  -----selenium------  INFO  等待元素xpath,/html/body/div/div/div[2]/span,耗时:0.016630887985229492秒
2024-11-18 13:49:09,293  -----selenium------  INFO  获取文本xpath,/html/body/div/div/div[2]/span,耗时:0.05201983451843262秒
2024-11-18 13:49:11,650  -----selenium------  INFO  关闭浏览器,耗时:2.354595184326172秒
2024-11-18 13:49:13,289  -----selenium------  INFO  启动edge浏览器,耗时:1.6317365169525146秒
2024-11-18 13:49:13,289  -----selenium------  INFO  启动edge浏览器,耗时:1.6317365169525146秒
2024-11-18 13:50:01,883  -----selenium------  INFO  打开地址http://39.102.208.214/haidao/,耗时:48.591585874557495秒
2024-11-18 13:50:01,883  -----selenium------  INFO  打开地址http://39.102.208.214/haidao/,耗时:48.591585874557495秒
2024-11-18 13:50:01,912  -----selenium------  INFO  等待元素text,注册,耗时:0.027738332748413086秒
2024-11-18 13:50:01,912  -----selenium------  INFO  等待元素text,注册,耗时:0.027738332748413086秒
2024-11-18 13:50:02,355  -----selenium------  INFO  点击元素text,注册,耗时:0.4706740379333496秒
2024-11-18 13:50:02,355  -----selenium------  INFO  点击元素text,注册,耗时:0.4706740379333496秒
2024-11-18 13:50:02,368  -----selenium------  INFO  等待元素name,username,耗时:0.012483596801757812秒
2024-11-18 13:50:02,368  -----selenium------  INFO  等待元素name,username,耗时:0.012483596801757812秒
2024-11-18 13:50:02,523  -----selenium------  INFO  输入内容name,username,admin2696704,耗时:0.16753792762756348秒
2024-11-18 13:50:02,523  -----selenium------  INFO  输入内容name,username,admin2696704,耗时:0.16753792762756348秒
2024-11-18 13:50:02,536  -----selenium------  INFO  等待元素name,password,耗时:0.011930465698242188秒
2024-11-18 13:50:02,536  -----selenium------  INFO  等待元素name,password,耗时:0.011930465698242188秒
2024-11-18 13:50:02,648  -----selenium------  INFO  输入内容name,password,123123,耗时:0.12326288223266602秒
2024-11-18 13:50:02,648  -----selenium------  INFO  输入内容name,password,123123,耗时:0.12326288223266602秒
2024-11-18 13:50:02,660  -----selenium------  INFO  等待元素name,pwdconfirm,耗时:0.011767387390136719秒
2024-11-18 13:50:02,660  -----selenium------  INFO  等待元素name,pwdconfirm,耗时:0.011767387390136719秒
2024-11-18 13:50:02,773  -----selenium------  INFO  输入内容name,pwdconfirm,123123,耗时:0.1238718032836914秒
2024-11-18 13:50:02,773  -----selenium------  INFO  输入内容name,pwdconfirm,123123,耗时:0.1238718032836914秒
2024-11-18 13:50:02,787  -----selenium------  INFO  等待元素name,email,耗时:0.014301300048828125秒
2024-11-18 13:50:02,787  -----selenium------  INFO  等待元素name,email,耗时:0.014301300048828125秒
2024-11-18 13:50:02,926  -----selenium------  INFO  输入内容name,email,9975123456@qq.com,耗时:0.15397119522094727秒
2024-11-18 13:50:02,926  -----selenium------  INFO  输入内容name,email,9975123456@qq.com,耗时:0.15397119522094727秒
2024-11-18 13:50:02,940  -----selenium------  INFO  等待元素name,mobile,耗时:0.013976573944091797秒
2024-11-18 13:50:02,940  -----selenium------  INFO  等待元素name,mobile,耗时:0.013976573944091797秒
2024-11-18 13:50:03,055  -----selenium------  INFO  输入内容name,mobile,17622821807,耗时:0.12811517715454102秒
2024-11-18 13:50:03,055  -----selenium------  INFO  输入内容name,mobile,17622821807,耗时:0.12811517715454102秒
2024-11-18 13:50:03,068  -----selenium------  INFO  等待元素name,dosubmit,耗时:0.011715412139892578秒
2024-11-18 13:50:03,068  -----selenium------  INFO  等待元素name,dosubmit,耗时:0.011715412139892578秒
2024-11-18 13:50:03,182  -----selenium------  INFO  点击元素name,dosubmit,耗时:0.1258237361907959秒
2024-11-18 13:50:03,182  -----selenium------  INFO  点击元素name,dosubmit,耗时:0.1258237361907959秒
2024-11-18 13:50:05,447  -----selenium------  INFO  等待元素xpath,/html/body/div[1]/div/ul[2]/li[1]/a,耗时:0.26416730880737305秒
2024-11-18 13:50:05,447  -----selenium------  INFO  等待元素xpath,/html/body/div[1]/div/ul[2]/li[1]/a,耗时:0.26416730880737305秒
2024-11-18 13:50:05,473  -----selenium------  INFO  获取文本xpath,/html/body/div[1]/div/ul[2]/li[1]/a,耗时:0.2895958423614502秒
2024-11-18 13:50:05,473  -----selenium------  INFO  获取文本xpath,/html/body/div[1]/div/ul[2]/li[1]/a,耗时:0.2895958423614502秒
2024-11-18 13:50:05,497  -----selenium------  INFO  等待元素text,返回商城首页,耗时:0.02254009246826172秒
2024-11-18 13:50:05,497  -----selenium------  INFO  等待元素text,返回商城首页,耗时:0.02254009246826172秒
2024-11-18 13:50:06,007  -----selenium------  INFO  点击元素text,返回商城首页,耗时:0.5330777168273926秒
2024-11-18 13:50:06,007  -----selenium------  INFO  点击元素text,返回商城首页,耗时:0.5330777168273926秒
2024-11-18 13:50:06,187  -----selenium------  INFO  等待元素xpath,/html/body/div[5]/div[1]/div/ul/li[1]/div[1]/a,耗时:0.17853450775146484秒
2024-11-18 13:50:06,187  -----selenium------  INFO  等待元素xpath,/html/body/div[5]/div[1]/div/ul/li[1]/div[1]/a,耗时:0.17853450775146484秒
2024-11-18 13:50:06,849  -----selenium------  INFO  点击元素xpath,/html/body/div[5]/div[1]/div/ul/li[1]/div[1]/a,耗时:0.840599536895752秒
2024-11-18 13:50:06,849  -----selenium------  INFO  点击元素xpath,/html/body/div[5]/div[1]/div/ul/li[1]/div[1]/a,耗时:0.840599536895752秒
2024-11-18 13:50:06,875  -----selenium------  INFO  等待元素text,立即购买,耗时:0.026123046875秒
2024-11-18 13:50:06,875  -----selenium------  INFO  等待元素text,立即购买,耗时:0.026123046875秒
2024-11-18 13:50:06,992  -----selenium------  INFO  点击元素text,立即购买,耗时:0.1432633399963379秒
2024-11-18 13:50:06,992  -----selenium------  INFO  点击元素text,立即购买,耗时:0.1432633399963379秒
2024-11-18 13:50:07,352  -----selenium------  INFO  等待元素xpath,/html/body/div[3]/div[2]/dl[1]/dd/div/a,耗时:0.3590667247772217秒
2024-11-18 13:50:07,352  -----selenium------  INFO  等待元素xpath,/html/body/div[3]/div[2]/dl[1]/dd/div/a,耗时:0.3590667247772217秒
2024-11-18 13:50:07,498  -----selenium------  INFO  点击元素xpath,/html/body/div[3]/div[2]/dl[1]/dd/div/a,耗时:0.5053436756134033秒
2024-11-18 13:50:07,498  -----selenium------  INFO  点击元素xpath,/html/body/div[3]/div[2]/dl[1]/dd/div/a,耗时:0.5053436756134033秒
2024-11-18 13:50:07,511  -----selenium------  INFO  等待元素xpath,/html/body/div[7]/div/table/tbody/tr[2]/td/div/iframe,耗时:0.011363744735717773秒
2024-11-18 13:50:07,511  -----selenium------  INFO  等待元素xpath,/html/body/div[7]/div/table/tbody/tr[2]/td/div/iframe,耗时:0.011363744735717773秒
2024-11-18 13:50:07,718  -----selenium------  INFO  切换框架xpath,/html/body/div[7]/div/table/tbody/tr[2]/td/div/iframe,耗时:0.21898484230041504秒
2024-11-18 13:50:07,718  -----selenium------  INFO  切换框架xpath,/html/body/div[7]/div/table/tbody/tr[2]/td/div/iframe,耗时:0.21898484230041504秒
2024-11-18 13:50:07,727  -----selenium------  INFO  等待元素xpath,/html/body/form/div[1]/ul/li[1]/div/div/div[2]/div[1],耗时:0.008561372756958008秒
2024-11-18 13:50:07,727  -----selenium------  INFO  等待元素xpath,/html/body/form/div[1]/ul/li[1]/div/div/div[2]/div[1],耗时:0.008561372756958008秒
2024-11-18 13:50:08,050  -----selenium------  INFO  点击元素xpath,/html/body/form/div[1]/ul/li[1]/div/div/div[2]/div[1],耗时:0.33127498626708984秒
2024-11-18 13:50:08,050  -----selenium------  INFO  点击元素xpath,/html/body/form/div[1]/ul/li[1]/div/div/div[2]/div[1],耗时:0.33127498626708984秒
2024-11-18 13:50:08,075  -----selenium------  INFO  等待元素text,广西,耗时:0.02530837059020996秒
2024-11-18 13:50:08,075  -----selenium------  INFO  等待元素text,广西,耗时:0.02530837059020996秒
2024-11-18 13:50:08,399  -----selenium------  INFO  点击元素text,广西,耗时:0.3497273921966553秒
2024-11-18 13:50:08,399  -----selenium------  INFO  点击元素text,广西,耗时:0.3497273921966553秒
2024-11-18 13:50:08,419  -----selenium------  INFO  等待元素text,南宁,耗时:0.020177125930786133秒
2024-11-18 13:50:08,419  -----selenium------  INFO  等待元素text,南宁,耗时:0.020177125930786133秒
2024-11-18 13:50:08,700  -----selenium------  INFO  点击元素text,南宁,耗时:0.3006870746612549秒
2024-11-18 13:50:08,700  -----selenium------  INFO  点击元素text,南宁,耗时:0.3006870746612549秒
2024-11-18 13:50:08,720  -----selenium------  INFO  等待元素text,西乡塘,耗时:0.020000219345092773秒
2024-11-18 13:50:08,720  -----selenium------  INFO  等待元素text,西乡塘,耗时:0.020000219345092773秒
2024-11-18 13:50:09,016  -----selenium------  INFO  点击元素text,西乡塘,耗时:0.3164515495300293秒
2024-11-18 13:50:09,016  -----selenium------  INFO  点击元素text,西乡塘,耗时:0.3164515495300293秒
2024-11-18 13:50:09,042  -----selenium------  INFO  等待元素text,西乡塘街道,耗时:0.01945209503173828秒
2024-11-18 13:50:09,042  -----selenium------  INFO  等待元素text,西乡塘街道,耗时:0.01945209503173828秒
2024-11-18 13:50:09,355  -----selenium------  INFO  点击元素text,西乡塘街道,耗时:0.33238816261291504秒
2024-11-18 13:50:09,355  -----selenium------  INFO  点击元素text,西乡塘街道,耗时:0.33238816261291504秒
2024-11-18 13:50:09,375  -----selenium------  INFO  等待元素name,address,耗时:0.013968229293823242秒
2024-11-18 13:50:09,375  -----selenium------  INFO  等待元素name,address,耗时:0.013968229293823242秒
2024-11-18 13:50:09,501  -----selenium------  INFO  输入内容name,address,榕华大厦313,耗时:0.14004778861999512秒
2024-11-18 13:50:09,501  -----selenium------  INFO  输入内容name,address,榕华大厦313,耗时:0.14004778861999512秒
2024-11-18 13:50:09,514  -----selenium------  INFO  等待元素name,name,耗时:0.011794805526733398秒
2024-11-18 13:50:09,514  -----selenium------  INFO  等待元素name,name,耗时:0.011794805526733398秒
2024-11-18 13:50:09,610  -----selenium------  INFO  输入内容name,name,李四,耗时:0.1071615219116211秒
2024-11-18 13:50:09,610  -----selenium------  INFO  输入内容name,name,李四,耗时:0.1071615219116211秒
2024-11-18 13:50:09,626  -----selenium------  INFO  等待元素name,mobile,耗时:0.015062332153320312秒
2024-11-18 13:50:09,626  -----selenium------  INFO  等待元素name,mobile,耗时:0.015062332153320312秒
2024-11-18 13:50:09,741  -----selenium------  INFO  输入内容name,mobile,13888888888,耗时:0.1304633617401123秒
2024-11-18 13:50:09,741  -----selenium------  INFO  输入内容name,mobile,13888888888,耗时:0.1304633617401123秒
2024-11-18 13:50:09,754  -----selenium------  INFO  等待元素name,zipcode,耗时:0.01133418083190918秒
2024-11-18 13:50:09,754  -----selenium------  INFO  等待元素name,zipcode,耗时:0.01133418083190918秒
2024-11-18 13:50:09,857  -----selenium------  INFO  输入内容name,zipcode,533899,耗时:0.11462569236755371秒
2024-11-18 13:50:09,857  -----selenium------  INFO  输入内容name,zipcode,533899,耗时:0.11462569236755371秒
2024-11-18 13:50:09,873  -----selenium------  INFO  等待元素id,hold,耗时:0.015758037567138672秒
2024-11-18 13:50:09,873  -----selenium------  INFO  等待元素id,hold,耗时:0.015758037567138672秒
2024-11-18 13:50:10,056  -----selenium------  INFO  点击元素id,hold,耗时:0.19869017601013184秒
2024-11-18 13:50:10,056  -----selenium------  INFO  点击元素id,hold,耗时:0.19869017601013184秒
2024-11-18 13:50:10,061  -----selenium------  INFO  切换默认框架,耗时:0.0055086612701416016秒
2024-11-18 13:50:10,061  -----selenium------  INFO  切换默认框架,耗时:0.0055086612701416016秒
2024-11-18 13:50:12,341  -----selenium------  INFO  等待元素text,货到付款,耗时:0.2772228717803955秒
2024-11-18 13:50:12,341  -----selenium------  INFO  等待元素text,货到付款,耗时:0.2772228717803955秒
2024-11-18 13:50:12,446  -----selenium------  INFO  点击元素text,货到付款,耗时:0.38237810134887695秒
2024-11-18 13:50:12,446  -----selenium------  INFO  点击元素text,货到付款,耗时:0.38237810134887695秒
2024-11-18 13:50:12,467  -----selenium------  INFO  等待元素xpath,/html/body/div[3]/div[2]/div[1]/div/div[1]/div/input,耗时:0.02141427993774414秒
2024-11-18 13:50:12,467  -----selenium------  INFO  等待元素xpath,/html/body/div[3]/div[2]/div[1]/div/div[1]/div/input,耗时:0.02141427993774414秒
2024-11-18 13:50:12,561  -----selenium------  INFO  输入内容xpath,/html/body/div[3]/div[2]/div[1]/div/div[1]/div/input,速速发货,耗时:0.11524009704589844秒
2024-11-18 13:50:12,561  -----selenium------  INFO  输入内容xpath,/html/body/div[3]/div[2]/div[1]/div/div[1]/div/input,速速发货,耗时:0.11524009704589844秒
2024-11-18 13:50:12,576  -----selenium------  INFO  等待元素text,提交订单,耗时:0.015492439270019531秒
2024-11-18 13:50:12,576  -----selenium------  INFO  等待元素text,提交订单,耗时:0.015492439270019531秒
2024-11-18 13:50:12,675  -----selenium------  INFO  点击元素text,提交订单,耗时:0.11420822143554688秒
2024-11-18 13:50:12,675  -----selenium------  INFO  点击元素text,提交订单,耗时:0.11420822143554688秒
2024-11-18 13:50:13,139  -----selenium------  INFO  等待元素xpath,/html/body/div[3]/div[2]/div[1]/p[1]/span,耗时:0.46277403831481934秒
2024-11-18 13:50:13,139  -----selenium------  INFO  等待元素xpath,/html/body/div[3]/div[2]/div[1]/p[1]/span,耗时:0.46277403831481934秒
2024-11-18 13:50:13,164  -----selenium------  INFO  获取文本xpath,/html/body/div[3]/div[2]/div[1]/p[1]/span,耗时:0.4880068302154541秒
2024-11-18 13:50:13,164  -----selenium------  INFO  获取文本xpath,/html/body/div[3]/div[2]/div[1]/p[1]/span,耗时:0.4880068302154541秒
2024-11-18 13:50:16,178  -----selenium------  INFO  等待元素xpath,/html/body/div[3]/div[2]/div[1]/p[1]/span,耗时:0.011955976486206055秒
2024-11-18 13:50:16,178  -----selenium------  INFO  等待元素xpath,/html/body/div[3]/div[2]/div[1]/p[1]/span,耗时:0.011955976486206055秒
2024-11-18 13:50:16,203  -----selenium------  INFO  获取文本xpath,/html/body/div[3]/div[2]/div[1]/p[1]/span,耗时:0.03658723831176758秒
2024-11-18 13:50:16,203  -----selenium------  INFO  获取文本xpath,/html/body/div[3]/div[2]/div[1]/p[1]/span,耗时:0.03658723831176758秒
2024-11-18 13:50:18,426  -----selenium------  INFO  关闭浏览器,耗时:2.223039150238037秒
2024-11-18 13:50:18,426  -----selenium------  INFO  关闭浏览器,耗时:2.223039150238037秒
2024-11-18 13:50:31,648  -----selenium------  INFO  启动edge浏览器,耗时:1.758291244506836秒
2024-11-18 13:50:35,162  -----selenium------  INFO  打开地址http://39.102.208.214/haidao/index.php?m=admin&c=index&a=index,耗时:3.5125811100006104秒
2024-11-18 13:50:35,179  -----selenium------  INFO  等待元素name,username,耗时:0.015650510787963867秒
2024-11-18 13:50:35,243  -----selenium------  INFO  输入内容name,username,admin,耗时:0.07989692687988281秒
2024-11-18 13:50:35,257  -----selenium------  INFO  等待元素name,password,耗时:0.013891458511352539秒
2024-11-18 13:50:35,349  -----selenium------  INFO  输入内容name,password,111111,耗时:0.10617399215698242秒
2024-11-18 13:50:35,363  -----selenium------  INFO  等待元素name,dosubmit,耗时:0.013218879699707031秒
2024-11-18 13:50:35,893  -----selenium------  INFO  点击元素name,dosubmit,耗时:0.5426375865936279秒
2024-11-18 13:50:35,915  -----selenium------  INFO  等待元素text,商品,耗时:0.022578954696655273秒
2024-11-18 13:50:36,082  -----selenium------  INFO  点击元素text,商品,耗时:0.18934893608093262秒
2024-11-18 13:50:36,138  -----selenium------  INFO  等待元素name,main_frame,耗时:0.05643105506896973秒
2024-11-18 13:50:36,397  -----selenium------  INFO  切换框架name,main_frame,耗时:0.3146555423736572秒
2024-11-18 13:50:36,415  -----selenium------  INFO  等待元素text,添加,耗时:0.017205238342285156秒
2024-11-18 13:50:36,827  -----selenium------  INFO  点击元素text,添加,耗时:0.4295227527618408秒
2024-11-18 13:50:36,835  -----selenium------  INFO  等待元素name,name,耗时:0.003152132034301758秒
2024-11-18 13:50:36,921  -----selenium------  INFO  输入内容name,name,商品5186734,耗时:0.09390878677368164秒
2024-11-18 13:50:36,937  -----selenium------  INFO  等待元素xpath,/html/body/div[2]/form/div[2]/div[3]/div/div/div[1]/input[1],耗时:0.016097307205200195秒
2024-11-18 13:50:37,168  -----selenium------  INFO  点击元素xpath,/html/body/div[2]/form/div[2]/div[3]/div/div/div[1]/input[1],耗时:0.2462306022644043秒
2024-11-18 13:50:37,181  -----selenium------  INFO  等待元素xpath,/html/body/div[2]/form/div[2]/div[3]/div/div/div[3]/span[1],耗时:0.013843536376953125秒
2024-11-18 13:50:37,380  -----selenium------  INFO  点击元素xpath,/html/body/div[2]/form/div[2]/div[3]/div/div/div[3]/span[1],耗时:0.21202874183654785秒
2024-11-18 13:50:37,395  -----selenium------  INFO  等待元素xpath,/html/body/div[2]/form/div[1]/div/div/input[2],耗时:0.01360321044921875秒
2024-11-18 13:50:37,643  -----selenium------  INFO  点击元素xpath,/html/body/div[2]/form/div[1]/div/div/input[2],耗时:0.2617607116699219秒
2024-11-18 13:50:37,646  -----selenium------  INFO  切换默认框架,耗时:0.0022094249725341797秒
2024-11-18 13:50:37,681  -----selenium------  INFO  等待元素xpath,/html/body/div[6]/div/table/tbody/tr[2]/td/div/iframe,耗时:0.033870697021484375秒
2024-11-18 13:50:37,750  -----selenium------  INFO  切换框架xpath,/html/body/div[6]/div/table/tbody/tr[2]/td/div/iframe,耗时:0.10286283493041992秒
2024-11-18 13:50:37,767  -----selenium------  INFO  等待元素xpath, /html/body/div/div[1]/div[1]/a[1],耗时:0.015465736389160156秒
2024-11-18 13:50:37,994  -----selenium------  INFO  点击元素xpath, /html/body/div/div[1]/div[1]/a[1],耗时:0.24281597137451172秒
2024-11-18 13:50:38,017  -----selenium------  INFO  等待元素id,okbtn,耗时:0.023064851760864258秒
2024-11-18 13:50:38,319  -----selenium------  INFO  点击元素id,okbtn,耗时:0.3250107765197754秒
2024-11-18 13:50:38,319  -----selenium------  INFO  切换默认框架,耗时:0.0秒
2024-11-18 13:50:39,339  -----selenium------  INFO  等待元素name,main_frame,耗时:0.011767148971557617秒
2024-11-18 13:50:39,374  -----selenium------  INFO  切换框架name,main_frame,耗时:0.04737210273742676秒
2024-11-18 13:50:39,387  -----selenium------  INFO  等待元素id,release,耗时:0.012263059616088867秒
2024-11-18 13:50:39,609  -----selenium------  INFO  点击元素id,release,耗时:0.2348334789276123秒
2024-11-18 13:50:39,842  -----selenium------  INFO  等待元素name,shop_price[],耗时:0.23198175430297852秒
2024-11-18 13:50:39,906  -----selenium------  INFO  清除内容name,shop_price[],耗时:0.29525160789489746秒
2024-11-18 13:50:39,916  -----selenium------  INFO  等待元素name,shop_price[],耗时:0.010112762451171875秒
2024-11-18 13:50:40,007  -----selenium------  INFO  输入内容name,shop_price[],1007947,耗时:0.10164952278137207秒
2024-11-18 13:50:40,019  -----selenium------  INFO  等待元素name,market_price[],耗时:0.011833667755126953秒
2024-11-18 13:50:40,085  -----selenium------  INFO  清除内容name,market_price[],耗时:0.07715106010437012秒
2024-11-18 13:50:40,100  -----selenium------  INFO  等待元素name,market_price[],耗时:0.015113592147827148秒
2024-11-18 13:50:40,196  -----selenium------  INFO  输入内容name,market_price[],206073,耗时:0.1115412712097168秒
2024-11-18 13:50:40,208  -----selenium------  INFO  等待元素name,number[],耗时:0.011565685272216797秒
2024-11-18 13:50:40,305  -----selenium------  INFO  输入内容name,number[],508778,耗时:0.10898375511169434秒
2024-11-18 13:50:41,317  -----selenium------  INFO  等待元素name,dosubmit,耗时:0.010127067565917969秒
2024-11-18 13:50:41,533  -----selenium------  INFO  点击元素name,dosubmit,耗时:0.22610116004943848秒
2024-11-18 13:50:42,545  -----selenium------  INFO  等待元素name,dosubmit,耗时:0.010547876358032227秒
2024-11-18 13:50:42,755  -----selenium------  INFO  点击元素name,dosubmit,耗时:0.22060847282409668秒
2024-11-18 13:50:44,768  -----selenium------  INFO  等待元素id,goods_attr,耗时:0.011404275894165039秒
2024-11-18 13:50:44,977  -----selenium------  INFO  点击元素id,goods_attr,耗时:0.21968579292297363秒
2024-11-18 13:50:45,565  -----selenium------  INFO  等待元素xpath,/html/body/div[2]/div/form/div[1]/div[2]/div,耗时:0.5879149436950684秒
2024-11-18 13:50:45,678  -----selenium------  INFO  输入内容xpath,/html/body/div[2]/div/form/div[1]/div[2]/div,65349,耗时:0.7010574340820312秒
2024-11-18 13:50:45,697  -----selenium------  INFO  等待元素xpath,/html/body/div[2]/div/form/div[2]/input,耗时:0.019443988800048828秒
2024-11-18 13:50:46,253  -----selenium------  INFO  点击元素xpath,/html/body/div[2]/div/form/div[2]/input,耗时:0.5753474235534668秒
2024-11-18 13:50:46,268  -----selenium------  INFO  等待元素xpath,/html/body/div/div/div[2]/span,耗时:0.014550447463989258秒
2024-11-18 13:50:46,292  -----selenium------  INFO  获取文本xpath,/html/body/div/div/div[2]/span,耗时:0.03936123847961426秒
2024-11-18 13:50:48,527  -----selenium------  INFO  关闭浏览器,耗时:2.2344210147857666秒
2024-11-18 13:50:50,180  -----selenium------  INFO  启动edge浏览器,耗时:1.6375703811645508秒
2024-11-18 13:50:50,180  -----selenium------  INFO  启动edge浏览器,耗时:1.6375703811645508秒
2024-11-18 13:50:53,813  -----selenium------  INFO  打开地址http://39.102.208.214/haidao/,耗时:3.632770538330078秒
2024-11-18 13:50:53,813  -----selenium------  INFO  打开地址http://39.102.208.214/haidao/,耗时:3.632770538330078秒
2024-11-18 13:50:53,844  -----selenium------  INFO  等待元素text,注册,耗时:0.030910730361938477秒
2024-11-18 13:50:53,844  -----selenium------  INFO  等待元素text,注册,耗时:0.030910730361938477秒
2024-11-18 13:50:54,202  -----selenium------  INFO  点击元素text,注册,耗时:0.3889610767364502秒
2024-11-18 13:50:54,202  -----selenium------  INFO  点击元素text,注册,耗时:0.3889610767364502秒
2024-11-18 13:50:54,205  -----selenium------  INFO  等待元素name,username,耗时:0.0015277862548828125秒
2024-11-18 13:50:54,205  -----selenium------  INFO  等待元素name,username,耗时:0.0015277862548828125秒
2024-11-18 13:50:54,428  -----selenium------  INFO  输入内容name,username,admin4702330,耗时:0.22477984428405762秒
2024-11-18 13:50:54,428  -----selenium------  INFO  输入内容name,username,admin4702330,耗时:0.22477984428405762秒
2024-11-18 13:50:54,451  -----selenium------  INFO  等待元素name,password,耗时:0.022280454635620117秒
2024-11-18 13:50:54,451  -----selenium------  INFO  等待元素name,password,耗时:0.022280454635620117秒
2024-11-18 13:50:54,551  -----selenium------  INFO  输入内容name,password,123123,耗时:0.1217648983001709秒
2024-11-18 13:50:54,551  -----selenium------  INFO  输入内容name,password,123123,耗时:0.1217648983001709秒
2024-11-18 13:50:54,564  -----selenium------  INFO  等待元素name,pwdconfirm,耗时:0.011672019958496094秒
2024-11-18 13:50:54,564  -----selenium------  INFO  等待元素name,pwdconfirm,耗时:0.011672019958496094秒
2024-11-18 13:50:54,657  -----selenium------  INFO  输入内容name,pwdconfirm,123123,耗时:0.10542058944702148秒
2024-11-18 13:50:54,657  -----selenium------  INFO  输入内容name,pwdconfirm,123123,耗时:0.10542058944702148秒
2024-11-18 13:50:54,674  -----selenium------  INFO  等待元素name,email,耗时:0.01540994644165039秒
2024-11-18 13:50:54,674  -----selenium------  INFO  等待元素name,email,耗时:0.01540994644165039秒
2024-11-18 13:50:54,803  -----selenium------  INFO  输入内容name,email,4735123456@qq.com,耗时:0.1438581943511963秒
2024-11-18 13:50:54,803  -----selenium------  INFO  输入内容name,email,4735123456@qq.com,耗时:0.1438581943511963秒
2024-11-18 13:50:54,817  -----selenium------  INFO  等待元素name,mobile,耗时:0.014765739440917969秒
2024-11-18 13:50:54,817  -----selenium------  INFO  等待元素name,mobile,耗时:0.014765739440917969秒
2024-11-18 13:50:54,957  -----selenium------  INFO  输入内容name,mobile,17612509274,耗时:0.15437722206115723秒
2024-11-18 13:50:54,957  -----selenium------  INFO  输入内容name,mobile,17612509274,耗时:0.15437722206115723秒
2024-11-18 13:50:54,970  -----selenium------  INFO  等待元素name,dosubmit,耗时:0.013037443161010742秒
2024-11-18 13:50:54,970  -----selenium------  INFO  等待元素name,dosubmit,耗时:0.013037443161010742秒
2024-11-18 13:50:55,080  -----selenium------  INFO  点击元素name,dosubmit,耗时:0.12318634986877441秒
2024-11-18 13:50:55,080  -----selenium------  INFO  点击元素name,dosubmit,耗时:0.12318634986877441秒
2024-11-18 13:50:57,335  -----selenium------  INFO  等待元素xpath,/html/body/div[1]/div/ul[2]/li[1]/a,耗时:0.25290703773498535秒
2024-11-18 13:50:57,335  -----selenium------  INFO  等待元素xpath,/html/body/div[1]/div/ul[2]/li[1]/a,耗时:0.25290703773498535秒
2024-11-18 13:50:57,363  -----selenium------  INFO  获取文本xpath,/html/body/div[1]/div/ul[2]/li[1]/a,耗时:0.2811775207519531秒
2024-11-18 13:50:57,363  -----selenium------  INFO  获取文本xpath,/html/body/div[1]/div/ul[2]/li[1]/a,耗时:0.2811775207519531秒
2024-11-18 13:50:57,386  -----selenium------  INFO  等待元素text,返回商城首页,耗时:0.021313190460205078秒
2024-11-18 13:50:57,386  -----selenium------  INFO  等待元素text,返回商城首页,耗时:0.021313190460205078秒
2024-11-18 13:50:57,883  -----selenium------  INFO  点击元素text,返回商城首页,耗时:0.5182685852050781秒
2024-11-18 13:50:57,883  -----selenium------  INFO  点击元素text,返回商城首页,耗时:0.5182685852050781秒
2024-11-18 13:50:58,094  -----selenium------  INFO  等待元素xpath,/html/body/div[5]/div[1]/div/ul/li[1]/div[1]/a,耗时:0.21039533615112305秒
2024-11-18 13:50:58,094  -----selenium------  INFO  等待元素xpath,/html/body/div[5]/div[1]/div/ul/li[1]/div[1]/a,耗时:0.21039533615112305秒
2024-11-18 13:50:58,778  -----selenium------  INFO  点击元素xpath,/html/body/div[5]/div[1]/div/ul/li[1]/div[1]/a,耗时:0.8939323425292969秒
2024-11-18 13:50:58,778  -----selenium------  INFO  点击元素xpath,/html/body/div[5]/div[1]/div/ul/li[1]/div[1]/a,耗时:0.8939323425292969秒
2024-11-18 13:50:58,805  -----selenium------  INFO  等待元素text,立即购买,耗时:0.026279926300048828秒
2024-11-18 13:50:58,805  -----selenium------  INFO  等待元素text,立即购买,耗时:0.026279926300048828秒
2024-11-18 13:50:58,923  -----selenium------  INFO  点击元素text,立即购买,耗时:0.14405322074890137秒
2024-11-18 13:50:58,923  -----selenium------  INFO  点击元素text,立即购买,耗时:0.14405322074890137秒
2024-11-18 13:50:59,273  -----selenium------  INFO  等待元素xpath,/html/body/div[3]/div[2]/dl[1]/dd/div/a,耗时:0.3495006561279297秒
2024-11-18 13:50:59,273  -----selenium------  INFO  等待元素xpath,/html/body/div[3]/div[2]/dl[1]/dd/div/a,耗时:0.3495006561279297秒
2024-11-18 13:50:59,401  -----selenium------  INFO  点击元素xpath,/html/body/div[3]/div[2]/dl[1]/dd/div/a,耗时:0.47689199447631836秒
2024-11-18 13:50:59,401  -----selenium------  INFO  点击元素xpath,/html/body/div[3]/div[2]/dl[1]/dd/div/a,耗时:0.47689199447631836秒
2024-11-18 13:50:59,415  -----selenium------  INFO  等待元素xpath,/html/body/div[7]/div/table/tbody/tr[2]/td/div/iframe,耗时:0.013515949249267578秒
2024-11-18 13:50:59,415  -----selenium------  INFO  等待元素xpath,/html/body/div[7]/div/table/tbody/tr[2]/td/div/iframe,耗时:0.013515949249267578秒
2024-11-18 13:50:59,657  -----selenium------  INFO  切换框架xpath,/html/body/div[7]/div/table/tbody/tr[2]/td/div/iframe,耗时:0.2548644542694092秒
2024-11-18 13:50:59,657  -----selenium------  INFO  切换框架xpath,/html/body/div[7]/div/table/tbody/tr[2]/td/div/iframe,耗时:0.2548644542694092秒
2024-11-18 13:50:59,690  -----selenium------  INFO  等待元素xpath,/html/body/form/div[1]/ul/li[1]/div/div/div[2]/div[1],耗时:0.03282737731933594秒
2024-11-18 13:50:59,690  -----selenium------  INFO  等待元素xpath,/html/body/form/div[1]/ul/li[1]/div/div/div[2]/div[1],耗时:0.03282737731933594秒
2024-11-18 13:50:59,984  -----selenium------  INFO  点击元素xpath,/html/body/form/div[1]/ul/li[1]/div/div/div[2]/div[1],耗时:0.3277266025543213秒
2024-11-18 13:50:59,984  -----selenium------  INFO  点击元素xpath,/html/body/form/div[1]/ul/li[1]/div/div/div[2]/div[1],耗时:0.3277266025543213秒
2024-11-18 13:51:00,007  -----selenium------  INFO  等待元素text,广西,耗时:0.021123409271240234秒
2024-11-18 13:51:00,007  -----selenium------  INFO  等待元素text,广西,耗时:0.021123409271240234秒
2024-11-18 13:51:00,294  -----selenium------  INFO  点击元素text,广西,耗时:0.3081235885620117秒
2024-11-18 13:51:00,294  -----selenium------  INFO  点击元素text,广西,耗时:0.3081235885620117秒
2024-11-18 13:51:00,316  -----selenium------  INFO  等待元素text,南宁,耗时:0.019308805465698242秒
2024-11-18 13:51:00,316  -----selenium------  INFO  等待元素text,南宁,耗时:0.019308805465698242秒
2024-11-18 13:51:00,586  -----selenium------  INFO  点击元素text,南宁,耗时:0.2892415523529053秒
2024-11-18 13:51:00,586  -----selenium------  INFO  点击元素text,南宁,耗时:0.2892415523529053秒
2024-11-18 13:51:00,606  -----selenium------  INFO  等待元素text,西乡塘,耗时:0.020793437957763672秒
2024-11-18 13:51:00,606  -----selenium------  INFO  等待元素text,西乡塘,耗时:0.020793437957763672秒
2024-11-18 13:51:00,902  -----selenium------  INFO  点击元素text,西乡塘,耗时:0.3160867691040039秒
2024-11-18 13:51:00,902  -----selenium------  INFO  点击元素text,西乡塘,耗时:0.3160867691040039秒
2024-11-18 13:51:00,921  -----selenium------  INFO  等待元素text,西乡塘街道,耗时:0.019655227661132812秒
2024-11-18 13:51:00,921  -----selenium------  INFO  等待元素text,西乡塘街道,耗时:0.019655227661132812秒
2024-11-18 13:51:01,192  -----selenium------  INFO  点击元素text,西乡塘街道,耗时:0.29025840759277344秒
2024-11-18 13:51:01,192  -----selenium------  INFO  点击元素text,西乡塘街道,耗时:0.29025840759277344秒
2024-11-18 13:51:01,207  -----selenium------  INFO  等待元素name,address,耗时:0.015359878540039062秒
2024-11-18 13:51:01,207  -----selenium------  INFO  等待元素name,address,耗时:0.015359878540039062秒
2024-11-18 13:51:01,300  -----selenium------  INFO  输入内容name,address,榕华大厦313,耗时:0.10802483558654785秒
2024-11-18 13:51:01,300  -----selenium------  INFO  输入内容name,address,榕华大厦313,耗时:0.10802483558654785秒
2024-11-18 13:51:01,314  -----selenium------  INFO  等待元素name,name,耗时:0.014094114303588867秒
2024-11-18 13:51:01,314  -----selenium------  INFO  等待元素name,name,耗时:0.014094114303588867秒
2024-11-18 13:51:01,397  -----selenium------  INFO  输入内容name,name,李四,耗时:0.09746408462524414秒
2024-11-18 13:51:01,397  -----selenium------  INFO  输入内容name,name,李四,耗时:0.09746408462524414秒
2024-11-18 13:51:01,416  -----selenium------  INFO  等待元素name,mobile,耗时:0.01714634895324707秒
2024-11-18 13:51:01,416  -----selenium------  INFO  等待元素name,mobile,耗时:0.01714634895324707秒
2024-11-18 13:51:01,531  -----selenium------  INFO  输入内容name,mobile,13888888888,耗时:0.1327817440032959秒
2024-11-18 13:51:01,531  -----selenium------  INFO  输入内容name,mobile,13888888888,耗时:0.1327817440032959秒
2024-11-18 13:51:01,550  -----selenium------  INFO  等待元素name,zipcode,耗时:0.017592906951904297秒
2024-11-18 13:51:01,550  -----selenium------  INFO  等待元素name,zipcode,耗时:0.017592906951904297秒
2024-11-18 13:51:01,648  -----selenium------  INFO  输入内容name,zipcode,533899,耗时:0.11539030075073242秒
2024-11-18 13:51:01,648  -----selenium------  INFO  输入内容name,zipcode,533899,耗时:0.11539030075073242秒
2024-11-18 13:51:01,666  -----selenium------  INFO  等待元素id,hold,耗时:0.01854538917541504秒
2024-11-18 13:51:01,666  -----selenium------  INFO  等待元素id,hold,耗时:0.01854538917541504秒
2024-11-18 13:51:01,882  -----selenium------  INFO  点击元素id,hold,耗时:0.23427438735961914秒
2024-11-18 13:51:01,882  -----selenium------  INFO  点击元素id,hold,耗时:0.23427438735961914秒
2024-11-18 13:51:01,882  -----selenium------  INFO  切换默认框架,耗时:0.0秒
2024-11-18 13:51:01,882  -----selenium------  INFO  切换默认框架,耗时:0.0秒
2024-11-18 13:51:04,148  -----selenium------  INFO  等待元素text,货到付款,耗时:0.2597675323486328秒
2024-11-18 13:51:04,148  -----selenium------  INFO  等待元素text,货到付款,耗时:0.2597675323486328秒
2024-11-18 13:51:04,376  -----selenium------  INFO  点击元素text,货到付款,耗时:0.4877150058746338秒
2024-11-18 13:51:04,376  -----selenium------  INFO  点击元素text,货到付款,耗时:0.4877150058746338秒
2024-11-18 13:51:04,398  -----selenium------  INFO  等待元素xpath,/html/body/div[3]/div[2]/div[1]/div/div[1]/div/input,耗时:0.02116107940673828秒
2024-11-18 13:51:04,398  -----selenium------  INFO  等待元素xpath,/html/body/div[3]/div[2]/div[1]/div/div[1]/div/input,耗时:0.02116107940673828秒
2024-11-18 13:51:04,490  -----selenium------  INFO  输入内容xpath,/html/body/div[3]/div[2]/div[1]/div/div[1]/div/input,速速发货,耗时:0.11322426795959473秒
2024-11-18 13:51:04,490  -----selenium------  INFO  输入内容xpath,/html/body/div[3]/div[2]/div[1]/div/div[1]/div/input,速速发货,耗时:0.11322426795959473秒
2024-11-18 13:51:04,509  -----selenium------  INFO  等待元素text,提交订单,耗时:0.018867969512939453秒
2024-11-18 13:51:04,509  -----selenium------  INFO  等待元素text,提交订单,耗时:0.018867969512939453秒
2024-11-18 13:51:04,611  -----selenium------  INFO  点击元素text,提交订单,耗时:0.1210322380065918秒
2024-11-18 13:51:04,611  -----selenium------  INFO  点击元素text,提交订单,耗时:0.1210322380065918秒
2024-11-18 13:51:05,015  -----selenium------  INFO  等待元素xpath,/html/body/div[3]/div[2]/div[1]/p[1]/span,耗时:0.40334010124206543秒
2024-11-18 13:51:05,015  -----selenium------  INFO  等待元素xpath,/html/body/div[3]/div[2]/div[1]/p[1]/span,耗时:0.40334010124206543秒
2024-11-18 13:51:05,044  -----selenium------  INFO  获取文本xpath,/html/body/div[3]/div[2]/div[1]/p[1]/span,耗时:0.43309974670410156秒
2024-11-18 13:51:05,044  -----selenium------  INFO  获取文本xpath,/html/body/div[3]/div[2]/div[1]/p[1]/span,耗时:0.43309974670410156秒
2024-11-18 13:51:16,272  -----selenium------  ERROR  获取文本xpath,/html/body/div[3]/div[2]/div[1]/p[1]/span,错误消息('Connection aborted.', ConnectionResetError(10054, '远程主机强迫关闭了一个现有的连接。', None, 10054, None))
2024-11-18 13:51:16,272  -----selenium------  ERROR  获取文本xpath,/html/body/div[3]/div[2]/div[1]/p[1]/span,错误消息('Connection aborted.', ConnectionResetError(10054, '远程主机强迫关闭了一个现有的连接。', None, 10054, None))
2024-11-18 14:02:25,965  -----selenium------  INFO  启动edge浏览器,耗时:1.7818989753723145秒
2024-11-18 14:02:29,620  -----selenium------  INFO  打开地址http://39.102.208.214/haidao/index.php?m=admin&c=index&a=index,耗时:3.6538567543029785秒
2024-11-18 14:02:29,649  -----selenium------  INFO  等待元素name,username,耗时:0.027691364288330078秒
2024-11-18 14:02:29,718  -----selenium------  INFO  输入内容name,username,admin,耗时:0.09649491310119629秒
2024-11-18 14:02:29,722  -----selenium------  INFO  等待元素name,password,耗时:0.0025293827056884766秒
2024-11-18 14:02:29,840  -----selenium------  INFO  输入内容name,password,111111,耗时:0.12127351760864258秒
2024-11-18 14:02:29,851  -----selenium------  INFO  等待元素name,dosubmit,耗时:0.00918436050415039秒
2024-11-18 14:02:30,482  -----selenium------  INFO  点击元素name,dosubmit,耗时:0.63997483253479秒
2024-11-18 14:02:30,508  -----selenium------  INFO  等待元素text,商品,耗时:0.02596306800842285秒
2024-11-18 14:02:30,684  -----selenium------  INFO  点击元素text,商品,耗时:0.20175623893737793秒
2024-11-18 14:02:30,750  -----selenium------  INFO  等待元素name,main_frame,耗时:0.06616044044494629秒
2024-11-18 14:02:30,945  -----selenium------  INFO  切换框架name,main_frame,耗时:0.2605857849121094秒
2024-11-18 14:02:30,961  -----selenium------  INFO  等待元素text,添加,耗时:0.01588273048400879秒
2024-11-18 14:02:31,456  -----selenium------  INFO  点击元素text,添加,耗时:0.5108659267425537秒
2024-11-18 14:02:31,471  -----selenium------  INFO  等待元素name,name,耗时:0.014574766159057617秒
2024-11-18 14:02:31,551  -----selenium------  INFO  输入内容name,name,商品3961676,耗时:0.09473967552185059秒
2024-11-18 14:02:31,571  -----selenium------  INFO  等待元素xpath,/html/body/div[2]/form/div[2]/div[3]/div/div/div[1]/input[1],耗时:0.019701004028320312秒
2024-11-18 14:02:31,799  -----selenium------  INFO  点击元素xpath,/html/body/div[2]/form/div[2]/div[3]/div/div/div[1]/input[1],耗时:0.24805951118469238秒
2024-11-18 14:02:31,813  -----selenium------  INFO  等待元素xpath,/html/body/div[2]/form/div[2]/div[3]/div/div/div[3]/span[1],耗时:0.013774871826171875秒
2024-11-18 14:02:32,074  -----selenium------  INFO  点击元素xpath,/html/body/div[2]/form/div[2]/div[3]/div/div/div[3]/span[1],耗时:0.2747385501861572秒
2024-11-18 14:02:32,111  -----selenium------  INFO  等待元素xpath,/html/body/div[2]/form/div[1]/div/div/input[2],耗时:0.03697681427001953秒
2024-11-18 14:02:32,348  -----selenium------  INFO  点击元素xpath,/html/body/div[2]/form/div[1]/div/div/input[2],耗时:0.27387166023254395秒
2024-11-18 14:02:32,350  -----selenium------  INFO  切换默认框架,耗时:0.0022470951080322266秒
2024-11-18 14:02:32,366  -----selenium------  INFO  等待元素xpath,/html/body/div[6]/div/table/tbody/tr[2]/td/div/iframe,耗时:0.013904571533203125秒
2024-11-18 14:02:32,457  -----selenium------  INFO  切换框架xpath,/html/body/div[6]/div/table/tbody/tr[2]/td/div/iframe,耗时:0.1054232120513916秒
2024-11-18 14:02:32,478  -----selenium------  INFO  等待元素xpath, /html/body/div/div[1]/div[1]/a[1],耗时:0.01954174041748047秒
2024-11-18 14:02:32,931  -----selenium------  INFO  点击元素xpath, /html/body/div/div[1]/div[1]/a[1],耗时:0.47406864166259766秒
2024-11-18 14:02:32,960  -----selenium------  INFO  等待元素id,okbtn,耗时:0.028641939163208008秒
2024-11-18 14:02:33,262  -----selenium------  INFO  点击元素id,okbtn,耗时:0.33026123046875秒
2024-11-18 14:02:33,276  -----selenium------  INFO  切换默认框架,耗时:0.013726472854614258秒
2024-11-18 14:02:34,289  -----selenium------  INFO  等待元素name,main_frame,耗时:0.009784460067749023秒
2024-11-18 14:02:34,328  -----selenium------  INFO  切换框架name,main_frame,耗时:0.0486605167388916秒
2024-11-18 14:02:34,346  -----selenium------  INFO  等待元素id,release,耗时:0.018363475799560547秒
2024-11-18 14:02:34,582  -----selenium------  INFO  点击元素id,release,耗时:0.25398874282836914秒
2024-11-18 14:02:34,826  -----selenium------  INFO  等待元素name,shop_price[],耗时:0.24290156364440918秒
2024-11-18 14:02:34,900  -----selenium------  INFO  清除内容name,shop_price[],耗时:0.3170478343963623秒
2024-11-18 14:02:34,907  -----selenium------  INFO  等待元素name,shop_price[],耗时:0.007039785385131836秒
2024-11-18 14:02:35,022  -----selenium------  INFO  输入内容name,shop_price[],1005499,耗时:0.12203192710876465秒
2024-11-18 14:02:35,033  -----selenium------  INFO  等待元素name,market_price[],耗时:0.011564016342163086秒
2024-11-18 14:02:35,090  -----selenium------  INFO  清除内容name,market_price[],耗时:0.06784605979919434秒
2024-11-18 14:02:35,103  -----selenium------  INFO  等待元素name,market_price[],耗时:0.013698339462280273秒
2024-11-18 14:02:35,206  -----selenium------  INFO  输入内容name,market_price[],209035,耗时:0.11633777618408203秒
2024-11-18 14:02:35,219  -----selenium------  INFO  等待元素name,number[],耗时:0.013524770736694336秒
2024-11-18 14:02:35,330  -----selenium------  INFO  输入内容name,number[],502699,耗时:0.12356257438659668秒
2024-11-18 14:02:36,338  -----selenium------  INFO  等待元素name,dosubmit,耗时:0.006783485412597656秒
2024-11-18 14:02:36,561  -----selenium------  INFO  点击元素name,dosubmit,耗时:0.2292194366455078秒
2024-11-18 14:02:37,695  -----selenium------  INFO  等待元素name,dosubmit,耗时:0.1324760913848877秒
2024-11-18 14:02:37,926  -----selenium------  INFO  点击元素name,dosubmit,耗时:0.36423659324645996秒
2024-11-18 14:02:39,941  -----selenium------  INFO  等待元素id,goods_attr,耗时:0.01440119743347168秒
2024-11-18 14:02:40,157  -----selenium------  INFO  点击元素id,goods_attr,耗时:0.23007822036743164秒
2024-11-18 14:02:41,535  -----selenium------  INFO  等待元素xpath,/html/body/div[2]/div/form/div[1]/div[2]/div,耗时:1.3780431747436523秒
2024-11-18 14:02:41,634  -----selenium------  INFO  输入内容xpath,/html/body/div[2]/div/form/div[1]/div[2]/div,63303,耗时:1.4775452613830566秒
2024-11-18 14:02:41,652  -----selenium------  INFO  等待元素xpath,/html/body/div[2]/div/form/div[2]/input,耗时:0.012586832046508789秒
2024-11-18 14:02:42,293  -----selenium------  INFO  点击元素xpath,/html/body/div[2]/div/form/div[2]/input,耗时:0.6540462970733643秒
2024-11-18 14:02:42,309  -----selenium------  INFO  等待元素xpath,/html/body/div/div/div[2]/span,耗时:0.015593528747558594秒
2024-11-18 14:02:42,341  -----selenium------  INFO  获取文本xpath,/html/body/div/div/div[2]/span,耗时:0.04730939865112305秒
2024-11-18 14:02:44,569  -----selenium------  INFO  关闭浏览器,耗时:2.2275490760803223秒
2024-11-18 14:02:46,292  -----selenium------  INFO  启动edge浏览器,耗时:1.7004544734954834秒
2024-11-18 14:02:46,292  -----selenium------  INFO  启动edge浏览器,耗时:1.7004544734954834秒
2024-11-18 14:02:50,894  -----selenium------  INFO  打开地址http://39.102.208.214/haidao/,耗时:4.599798202514648秒
2024-11-18 14:02:50,894  -----selenium------  INFO  打开地址http://39.102.208.214/haidao/,耗时:4.599798202514648秒
2024-11-18 14:02:50,914  -----selenium------  INFO  等待元素text,注册,耗时:0.018351316452026367秒
2024-11-18 14:02:50,914  -----selenium------  INFO  等待元素text,注册,耗时:0.018351316452026367秒
2024-11-18 14:02:51,348  -----selenium------  INFO  点击元素text,注册,耗时:0.4524366855621338秒
2024-11-18 14:02:51,348  -----selenium------  INFO  点击元素text,注册,耗时:0.4524366855621338秒
2024-11-18 14:02:51,368  -----selenium------  INFO  等待元素name,username,耗时:0.01972341537475586秒
2024-11-18 14:02:51,368  -----selenium------  INFO  等待元素name,username,耗时:0.01972341537475586秒
2024-11-18 14:02:51,496  -----selenium------  INFO  输入内容name,username,admin2138838,耗时:0.1481616497039795秒
2024-11-18 14:02:51,496  -----selenium------  INFO  输入内容name,username,admin2138838,耗时:0.1481616497039795秒
2024-11-18 14:02:51,510  -----selenium------  INFO  等待元素name,password,耗时:0.013851165771484375秒
2024-11-18 14:02:51,510  -----selenium------  INFO  等待元素name,password,耗时:0.013851165771484375秒
2024-11-18 14:02:51,632  -----selenium------  INFO  输入内容name,password,123123,耗时:0.13556289672851562秒
2024-11-18 14:02:51,632  -----selenium------  INFO  输入内容name,password,123123,耗时:0.13556289672851562秒
2024-11-18 14:02:51,644  -----selenium------  INFO  等待元素name,pwdconfirm,耗时:0.012278079986572266秒
2024-11-18 14:02:51,644  -----selenium------  INFO  等待元素name,pwdconfirm,耗时:0.012278079986572266秒
2024-11-18 14:02:51,753  -----selenium------  INFO  输入内容name,pwdconfirm,123123,耗时:0.12174558639526367秒
2024-11-18 14:02:51,753  -----selenium------  INFO  输入内容name,pwdconfirm,123123,耗时:0.12174558639526367秒
2024-11-18 14:02:51,771  -----selenium------  INFO  等待元素name,email,耗时:0.016285181045532227秒
2024-11-18 14:02:51,771  -----selenium------  INFO  等待元素name,email,耗时:0.016285181045532227秒
2024-11-18 14:02:51,934  -----selenium------  INFO  输入内容name,email,1937123456@qq.com,耗时:0.1796259880065918秒
2024-11-18 14:02:51,934  -----selenium------  INFO  输入内容name,email,1937123456@qq.com,耗时:0.1796259880065918秒
2024-11-18 14:02:51,936  -----selenium------  INFO  等待元素name,mobile,耗时:0.0013422966003417969秒
2024-11-18 14:02:51,936  -----selenium------  INFO  等待元素name,mobile,耗时:0.0013422966003417969秒
2024-11-18 14:02:52,088  -----selenium------  INFO  输入内容name,mobile,17660513462,耗时:0.15321588516235352秒
2024-11-18 14:02:52,088  -----selenium------  INFO  输入内容name,mobile,17660513462,耗时:0.15321588516235352秒
2024-11-18 14:02:52,100  -----selenium------  INFO  等待元素name,dosubmit,耗时:0.01102900505065918秒
2024-11-18 14:02:52,100  -----selenium------  INFO  等待元素name,dosubmit,耗时:0.01102900505065918秒
2024-11-18 14:02:52,227  -----selenium------  INFO  点击元素name,dosubmit,耗时:0.13825082778930664秒
2024-11-18 14:02:52,227  -----selenium------  INFO  点击元素name,dosubmit,耗时:0.13825082778930664秒
2024-11-18 14:02:54,526  -----selenium------  INFO  等待元素xpath,/html/body/div[1]/div/ul[2]/li[1]/a,耗时:0.2957313060760498秒
2024-11-18 14:02:54,526  -----selenium------  INFO  等待元素xpath,/html/body/div[1]/div/ul[2]/li[1]/a,耗时:0.2957313060760498秒
2024-11-18 14:02:54,558  -----selenium------  INFO  获取文本xpath,/html/body/div[1]/div/ul[2]/li[1]/a,耗时:0.3276352882385254秒
2024-11-18 14:02:54,558  -----selenium------  INFO  获取文本xpath,/html/body/div[1]/div/ul[2]/li[1]/a,耗时:0.3276352882385254秒
2024-11-18 14:02:54,574  -----selenium------  INFO  等待元素text,返回商城首页,耗时:0.015717506408691406秒
2024-11-18 14:02:54,574  -----selenium------  INFO  等待元素text,返回商城首页,耗时:0.015717506408691406秒
2024-11-18 14:02:55,141  -----selenium------  INFO  点击元素text,返回商城首页,耗时:0.5822503566741943秒
2024-11-18 14:02:55,141  -----selenium------  INFO  点击元素text,返回商城首页,耗时:0.5822503566741943秒
2024-11-18 14:02:55,359  -----selenium------  INFO  等待元素xpath,/html/body/div[5]/div[1]/div/ul/li[1]/div[1]/a,耗时:0.2168872356414795秒
2024-11-18 14:02:55,359  -----selenium------  INFO  等待元素xpath,/html/body/div[5]/div[1]/div/ul/li[1]/div[1]/a,耗时:0.2168872356414795秒
2024-11-18 14:02:56,645  -----selenium------  INFO  点击元素xpath,/html/body/div[5]/div[1]/div/ul/li[1]/div[1]/a,耗时:1.5030231475830078秒
2024-11-18 14:02:56,645  -----selenium------  INFO  点击元素xpath,/html/body/div[5]/div[1]/div/ul/li[1]/div[1]/a,耗时:1.5030231475830078秒
2024-11-18 14:02:56,664  -----selenium------  INFO  等待元素text,立即购买,耗时:0.018454551696777344秒
2024-11-18 14:02:56,664  -----selenium------  INFO  等待元素text,立即购买,耗时:0.018454551696777344秒
2024-11-18 14:02:56,783  -----selenium------  INFO  点击元素text,立即购买,耗时:0.13800668716430664秒
2024-11-18 14:02:56,783  -----selenium------  INFO  点击元素text,立即购买,耗时:0.13800668716430664秒
2024-11-18 14:02:57,282  -----selenium------  INFO  等待元素xpath,/html/body/div[3]/div[2]/dl[1]/dd/div/a,耗时:0.4988553524017334秒
2024-11-18 14:02:57,282  -----selenium------  INFO  等待元素xpath,/html/body/div[3]/div[2]/dl[1]/dd/div/a,耗时:0.4988553524017334秒
2024-11-18 14:02:57,424  -----selenium------  INFO  点击元素xpath,/html/body/div[3]/div[2]/dl[1]/dd/div/a,耗时:0.6406583786010742秒
2024-11-18 14:02:57,424  -----selenium------  INFO  点击元素xpath,/html/body/div[3]/div[2]/dl[1]/dd/div/a,耗时:0.6406583786010742秒
2024-11-18 14:02:57,440  -----selenium------  INFO  等待元素xpath,/html/body/div[7]/div/table/tbody/tr[2]/td/div/iframe,耗时:0.013530731201171875秒
2024-11-18 14:02:57,440  -----selenium------  INFO  等待元素xpath,/html/body/div[7]/div/table/tbody/tr[2]/td/div/iframe,耗时:0.013530731201171875秒
2024-11-18 14:02:57,742  -----selenium------  INFO  切换框架xpath,/html/body/div[7]/div/table/tbody/tr[2]/td/div/iframe,耗时:0.3169519901275635秒
2024-11-18 14:02:57,742  -----selenium------  INFO  切换框架xpath,/html/body/div[7]/div/table/tbody/tr[2]/td/div/iframe,耗时:0.3169519901275635秒
2024-11-18 14:02:57,749  -----selenium------  INFO  等待元素xpath,/html/body/form/div[1]/ul/li[1]/div/div/div[2]/div[1],耗时:0.00685572624206543秒
2024-11-18 14:02:57,749  -----selenium------  INFO  等待元素xpath,/html/body/form/div[1]/ul/li[1]/div/div/div[2]/div[1],耗时:0.00685572624206543秒
2024-11-18 14:02:58,086  -----selenium------  INFO  点击元素xpath,/html/body/form/div[1]/ul/li[1]/div/div/div[2]/div[1],耗时:0.3443775177001953秒
2024-11-18 14:02:58,086  -----selenium------  INFO  点击元素xpath,/html/body/form/div[1]/ul/li[1]/div/div/div[2]/div[1],耗时:0.3443775177001953秒
2024-11-18 14:02:58,107  -----selenium------  INFO  等待元素text,广西,耗时:0.019103050231933594秒
2024-11-18 14:02:58,107  -----selenium------  INFO  等待元素text,广西,耗时:0.019103050231933594秒
2024-11-18 14:02:58,428  -----selenium------  INFO  点击元素text,广西,耗时:0.34047365188598633秒
2024-11-18 14:02:58,428  -----selenium------  INFO  点击元素text,广西,耗时:0.34047365188598633秒
2024-11-18 14:02:58,452  -----selenium------  INFO  等待元素text,南宁,耗时:0.022620201110839844秒
2024-11-18 14:02:58,452  -----selenium------  INFO  等待元素text,南宁,耗时:0.022620201110839844秒
2024-11-18 14:02:58,768  -----selenium------  INFO  点击元素text,南宁,耗时:0.33870840072631836秒
2024-11-18 14:02:58,768  -----selenium------  INFO  点击元素text,南宁,耗时:0.33870840072631836秒
2024-11-18 14:02:58,790  -----selenium------  INFO  等待元素text,西乡塘,耗时:0.021999120712280273秒
2024-11-18 14:02:58,790  -----selenium------  INFO  等待元素text,西乡塘,耗时:0.021999120712280273秒
2024-11-18 14:02:59,106  -----selenium------  INFO  点击元素text,西乡塘,耗时:0.3375511169433594秒
2024-11-18 14:02:59,106  -----selenium------  INFO  点击元素text,西乡塘,耗时:0.3375511169433594秒
2024-11-18 14:02:59,128  -----selenium------  INFO  等待元素text,西乡塘街道,耗时:0.022053956985473633秒
2024-11-18 14:02:59,128  -----selenium------  INFO  等待元素text,西乡塘街道,耗时:0.022053956985473633秒
2024-11-18 14:02:59,441  -----selenium------  INFO  点击元素text,西乡塘街道,耗时:0.3353538513183594秒
2024-11-18 14:02:59,441  -----selenium------  INFO  点击元素text,西乡塘街道,耗时:0.3353538513183594秒
2024-11-18 14:02:59,457  -----selenium------  INFO  等待元素name,address,耗时:0.013782024383544922秒
2024-11-18 14:02:59,457  -----selenium------  INFO  等待元素name,address,耗时:0.013782024383544922秒
2024-11-18 14:02:59,557  -----selenium------  INFO  输入内容name,address,榕华大厦313,耗时:0.11429071426391602秒
2024-11-18 14:02:59,557  -----selenium------  INFO  输入内容name,address,榕华大厦313,耗时:0.11429071426391602秒
2024-11-18 14:02:59,569  -----selenium------  INFO  等待元素name,name,耗时:0.012051582336425781秒
2024-11-18 14:02:59,569  -----selenium------  INFO  等待元素name,name,耗时:0.012051582336425781秒
2024-11-18 14:02:59,668  -----selenium------  INFO  输入内容name,name,李四,耗时:0.11123347282409668秒
2024-11-18 14:02:59,668  -----selenium------  INFO  输入内容name,name,李四,耗时:0.11123347282409668秒
2024-11-18 14:02:59,680  -----selenium------  INFO  等待元素name,mobile,耗时:0.01123046875秒
2024-11-18 14:02:59,680  -----selenium------  INFO  等待元素name,mobile,耗时:0.01123046875秒
2024-11-18 14:02:59,792  -----selenium------  INFO  输入内容name,mobile,13888888888,耗时:0.12358999252319336秒
2024-11-18 14:02:59,792  -----selenium------  INFO  输入内容name,mobile,13888888888,耗时:0.12358999252319336秒
2024-11-18 14:02:59,807  -----selenium------  INFO  等待元素name,zipcode,耗时:0.013942956924438477秒
2024-11-18 14:02:59,807  -----selenium------  INFO  等待元素name,zipcode,耗时:0.013942956924438477秒
2024-11-18 14:02:59,894  -----selenium------  INFO  输入内容name,zipcode,533899,耗时:0.10152125358581543秒
2024-11-18 14:02:59,894  -----selenium------  INFO  输入内容name,zipcode,533899,耗时:0.10152125358581543秒
2024-11-18 14:02:59,908  -----selenium------  INFO  等待元素id,hold,耗时:0.012356042861938477秒
2024-11-18 14:02:59,908  -----selenium------  INFO  等待元素id,hold,耗时:0.012356042861938477秒
2024-11-18 14:03:00,119  -----selenium------  INFO  点击元素id,hold,耗时:0.22383689880371094秒
2024-11-18 14:03:00,119  -----selenium------  INFO  点击元素id,hold,耗时:0.22383689880371094秒
2024-11-18 14:03:00,122  -----selenium------  INFO  切换默认框架,耗时:0.002991914749145508秒
2024-11-18 14:03:00,122  -----selenium------  INFO  切换默认框架,耗时:0.002991914749145508秒
2024-11-18 14:03:02,451  -----selenium------  INFO  等待元素text,货到付款,耗时:0.325270414352417秒
2024-11-18 14:03:02,451  -----selenium------  INFO  等待元素text,货到付款,耗时:0.325270414352417秒
2024-11-18 14:03:02,564  -----selenium------  INFO  点击元素text,货到付款,耗时:0.4388282299041748秒
2024-11-18 14:03:02,564  -----selenium------  INFO  点击元素text,货到付款,耗时:0.4388282299041748秒
2024-11-18 14:03:02,592  -----selenium------  INFO  等待元素xpath,/html/body/div[3]/div[2]/div[1]/div/div[1]/div/input,耗时:0.027621030807495117秒
2024-11-18 14:03:02,592  -----selenium------  INFO  等待元素xpath,/html/body/div[3]/div[2]/div[1]/div/div[1]/div/input,耗时:0.027621030807495117秒
2024-11-18 14:03:02,682  -----selenium------  INFO  输入内容xpath,/html/body/div[3]/div[2]/div[1]/div/div[1]/div/input,速速发货,耗时:0.11819171905517578秒
2024-11-18 14:03:02,682  -----selenium------  INFO  输入内容xpath,/html/body/div[3]/div[2]/div[1]/div/div[1]/div/input,速速发货,耗时:0.11819171905517578秒
2024-11-18 14:03:02,699  -----selenium------  INFO  等待元素text,提交订单,耗时:0.016144752502441406秒
2024-11-18 14:03:02,699  -----selenium------  INFO  等待元素text,提交订单,耗时:0.016144752502441406秒
2024-11-18 14:03:02,799  -----selenium------  INFO  点击元素text,提交订单,耗时:0.11680841445922852秒
2024-11-18 14:03:02,799  -----selenium------  INFO  点击元素text,提交订单,耗时:0.11680841445922852秒
2024-11-18 14:03:03,277  -----selenium------  INFO  等待元素xpath,/html/body/div[3]/div[2]/div[1]/p[1]/span,耗时:0.4775867462158203秒
2024-11-18 14:03:03,277  -----selenium------  INFO  等待元素xpath,/html/body/div[3]/div[2]/div[1]/p[1]/span,耗时:0.4775867462158203秒
2024-11-18 14:03:03,299  -----selenium------  INFO  获取文本xpath,/html/body/div[3]/div[2]/div[1]/p[1]/span,耗时:0.4998137950897217秒
2024-11-18 14:03:03,299  -----selenium------  INFO  获取文本xpath,/html/body/div[3]/div[2]/div[1]/p[1]/span,耗时:0.4998137950897217秒
2024-11-18 14:03:06,305  -----selenium------  INFO  等待元素xpath,/html/body/div[3]/div[2]/div[1]/p[1]/span,耗时:0.004342317581176758秒
2024-11-18 14:03:06,305  -----selenium------  INFO  等待元素xpath,/html/body/div[3]/div[2]/div[1]/p[1]/span,耗时:0.004342317581176758秒
2024-11-18 14:03:06,329  -----selenium------  INFO  获取文本xpath,/html/body/div[3]/div[2]/div[1]/p[1]/span,耗时:0.028962135314941406秒
2024-11-18 14:03:06,329  -----selenium------  INFO  获取文本xpath,/html/body/div[3]/div[2]/div[1]/p[1]/span,耗时:0.028962135314941406秒
2024-11-18 14:03:08,581  -----selenium------  INFO  关闭浏览器,耗时:2.245741367340088秒
2024-11-18 14:03:08,581  -----selenium------  INFO  关闭浏览器,耗时:2.245741367340088秒
2024-11-18 15:58:53,215  -----selenium------  INFO  启动edge浏览器,耗时:2.7161405086517334秒
2024-11-18 15:58:56,769  -----selenium------  INFO  打开地址http://39.102.208.214/haidao/index.php?m=admin&c=index&a=index,耗时:3.551884889602661秒
2024-11-18 15:58:56,784  -----selenium------  INFO  等待元素name,username,耗时:0.013618230819702148秒
2024-11-18 15:58:56,856  -----selenium------  INFO  输入内容name,username,admin,耗时:0.08524537086486816秒
2024-11-18 15:58:56,868  -----selenium------  INFO  等待元素name,password,耗时:0.012102603912353516秒
2024-11-18 15:58:56,973  -----selenium------  INFO  输入内容name,password,111111,耗时:0.1176152229309082秒
2024-11-18 15:58:56,986  -----selenium------  INFO  等待元素name,dosubmit,耗时:0.01267099380493164秒
2024-11-18 15:58:57,503  -----selenium------  INFO  点击元素name,dosubmit,耗时:0.5293622016906738秒
2024-11-18 15:58:57,524  -----selenium------  INFO  等待元素text,商品,耗时:0.021287918090820312秒
2024-11-18 15:58:57,681  -----selenium------  INFO  点击元素text,商品,耗时:0.17793536186218262秒
2024-11-18 15:58:57,738  -----selenium------  INFO  等待元素name,main_frame,耗时:0.052941083908081055秒
2024-11-18 15:58:57,948  -----selenium------  INFO  切换框架name,main_frame,耗时:0.26355957984924316秒
2024-11-18 15:58:57,968  -----selenium------  INFO  等待元素text,添加,耗时:0.018125057220458984秒
2024-11-18 15:58:58,366  -----selenium------  INFO  点击元素text,添加,耗时:0.4163229465484619秒
2024-11-18 15:58:58,380  -----selenium------  INFO  等待元素name,name,耗时:0.013599634170532227秒
2024-11-18 15:58:58,455  -----selenium------  INFO  输入内容name,name,商品1038765,耗时:0.08945512771606445秒
2024-11-18 15:58:58,470  -----selenium------  INFO  等待元素xpath,/html/body/div[2]/form/div[2]/div[3]/div/div/div[1]/input[1],耗时:0.014777421951293945秒
2024-11-18 15:58:58,675  -----selenium------  INFO  点击元素xpath,/html/body/div[2]/form/div[2]/div[3]/div/div/div[1]/input[1],耗时:0.21930551528930664秒
2024-11-18 15:58:58,688  -----selenium------  INFO  等待元素xpath,/html/body/div[2]/form/div[2]/div[3]/div/div/div[3]/span[1],耗时:0.012380361557006836秒
2024-11-18 15:58:58,892  -----selenium------  INFO  点击元素xpath,/html/body/div[2]/form/div[2]/div[3]/div/div/div[3]/span[1],耗时:0.21679210662841797秒
2024-11-18 15:58:58,904  -----selenium------  INFO  等待元素xpath,/html/body/div[2]/form/div[1]/div/div/input[2],耗时:0.012467145919799805秒
2024-11-18 15:58:59,153  -----selenium------  INFO  点击元素xpath,/html/body/div[2]/form/div[1]/div/div/input[2],耗时:0.2618677616119385秒
2024-11-18 15:58:59,161  -----selenium------  INFO  切换默认框架,耗时:0.007479190826416016秒
2024-11-18 15:58:59,216  -----selenium------  INFO  等待元素xpath,/html/body/div[6]/div/table/tbody/tr[2]/td/div/iframe,耗时:0.05406546592712402秒
2024-11-18 15:58:59,273  -----selenium------  INFO  切换框架xpath,/html/body/div[6]/div/table/tbody/tr[2]/td/div/iframe,耗时:0.11126232147216797秒
2024-11-18 15:58:59,311  -----selenium------  INFO  等待元素xpath, /html/body/div/div[1]/div[1]/a[1],耗时:0.03671097755432129秒
2024-11-18 15:58:59,534  -----selenium------  INFO  点击元素xpath, /html/body/div/div[1]/div[1]/a[1],耗时:0.25968289375305176秒
2024-11-18 15:58:59,562  -----selenium------  INFO  等待元素id,okbtn,耗时:0.02809000015258789秒
2024-11-18 15:58:59,881  -----selenium------  INFO  点击元素id,okbtn,耗时:0.34720420837402344秒
2024-11-18 15:58:59,887  -----selenium------  INFO  切换默认框架,耗时:0.004721879959106445秒
2024-11-18 15:59:00,904  -----selenium------  INFO  等待元素name,main_frame,耗时:0.015492439270019531秒
2024-11-18 15:59:00,946  -----selenium------  INFO  切换框架name,main_frame,耗时:0.05749773979187012秒
2024-11-18 15:59:00,957  -----selenium------  INFO  等待元素id,release,耗时:0.010957956314086914秒
2024-11-18 15:59:01,177  -----selenium------  INFO  点击元素id,release,耗时:0.23164081573486328秒
2024-11-18 15:59:01,452  -----selenium------  INFO  等待元素name,shop_price[],耗时:0.27437877655029297秒
2024-11-18 15:59:01,526  -----selenium------  INFO  清除内容name,shop_price[],耗时:0.34823012351989746秒
2024-11-18 15:59:01,536  -----selenium------  INFO  等待元素name,shop_price[],耗时:0.01042795181274414秒
2024-11-18 15:59:01,642  -----selenium------  INFO  输入内容name,shop_price[],1004396,耗时:0.11683106422424316秒
2024-11-18 15:59:01,655  -----selenium------  INFO  等待元素name,market_price[],耗时:0.01254725456237793秒
2024-11-18 15:59:01,709  -----selenium------  INFO  清除内容name,market_price[],耗时:0.06638002395629883秒
2024-11-18 15:59:01,722  -----selenium------  INFO  等待元素name,market_price[],耗时:0.013244152069091797秒
2024-11-18 15:59:01,808  -----selenium------  INFO  输入内容name,market_price[],202901,耗时:0.09897422790527344秒
2024-11-18 15:59:01,823  -----selenium------  INFO  等待元素name,number[],耗时:0.015308141708374023秒
2024-11-18 15:59:01,923  -----selenium------  INFO  输入内容name,number[],507555,耗时:0.11510157585144043秒
2024-11-18 15:59:02,948  -----selenium------  INFO  等待元素name,dosubmit,耗时:0.021752595901489258秒
2024-11-18 15:59:03,160  -----selenium------  INFO  点击元素name,dosubmit,耗时:0.23348474502563477秒
2024-11-18 15:59:04,175  -----selenium------  INFO  等待元素name,dosubmit,耗时:0.01132512092590332秒
2024-11-18 15:59:04,375  -----selenium------  INFO  点击元素name,dosubmit,耗时:0.21203374862670898秒
2024-11-18 15:59:06,385  -----selenium------  INFO  等待元素id,goods_attr,耗时:0.007337093353271484秒
2024-11-18 15:59:06,589  -----selenium------  INFO  点击元素id,goods_attr,耗时:0.21144700050354004秒
2024-11-18 15:59:07,168  -----selenium------  INFO  等待元素xpath,/html/body/div[2]/div/form/div[1]/div[2]/div,耗时:0.5774645805358887秒
2024-11-18 15:59:07,278  -----selenium------  INFO  输入内容xpath,/html/body/div[2]/div/form/div[1]/div[2]/div,65631,耗时:0.6881451606750488秒
2024-11-18 15:59:07,286  -----selenium------  INFO  等待元素xpath,/html/body/div[2]/div/form/div[2]/input,耗时:0.007424354553222656秒
2024-11-18 15:59:07,873  -----selenium------  INFO  点击元素xpath,/html/body/div[2]/div/form/div[2]/input,耗时:0.5931012630462646秒
2024-11-18 15:59:07,887  -----selenium------  INFO  等待元素xpath,/html/body/div/div/div[2]/span,耗时:0.013976573944091797秒
2024-11-18 15:59:07,917  -----selenium------  INFO  获取文本xpath,/html/body/div/div/div[2]/span,耗时:0.04391026496887207秒
2024-11-18 15:59:10,175  -----selenium------  INFO  关闭浏览器,耗时:2.2571117877960205秒
2024-11-18 15:59:11,870  -----selenium------  INFO  启动edge浏览器,耗时:1.6766161918640137秒
2024-11-18 15:59:11,870  -----selenium------  INFO  启动edge浏览器,耗时:1.6766161918640137秒
2024-11-18 16:00:00,612  -----selenium------  INFO  打开地址http://39.102.208.214/haidao/,耗时:48.73888564109802秒
2024-11-18 16:00:00,612  -----selenium------  INFO  打开地址http://39.102.208.214/haidao/,耗时:48.73888564109802秒
2024-11-18 16:00:00,636  -----selenium------  INFO  等待元素text,注册,耗时:0.022348642349243164秒
2024-11-18 16:00:00,636  -----selenium------  INFO  等待元素text,注册,耗时:0.022348642349243164秒
2024-11-18 16:00:01,023  -----selenium------  INFO  点击元素text,注册,耗时:0.4095950126647949秒
2024-11-18 16:00:01,023  -----selenium------  INFO  点击元素text,注册,耗时:0.4095950126647949秒
2024-11-18 16:00:01,039  -----selenium------  INFO  等待元素name,username,耗时:0.015007734298706055秒
2024-11-18 16:00:01,039  -----selenium------  INFO  等待元素name,username,耗时:0.015007734298706055秒
2024-11-18 16:00:01,159  -----selenium------  INFO  输入内容name,username,admin9598344,耗时:0.13512659072875977秒
2024-11-18 16:00:01,159  -----selenium------  INFO  输入内容name,username,admin9598344,耗时:0.13512659072875977秒
2024-11-18 16:00:01,172  -----selenium------  INFO  等待元素name,password,耗时:0.01159524917602539秒
2024-11-18 16:00:01,172  -----selenium------  INFO  等待元素name,password,耗时:0.01159524917602539秒
2024-11-18 16:00:01,259  -----selenium------  INFO  输入内容name,password,123123,耗时:0.09807682037353516秒
2024-11-18 16:00:01,259  -----selenium------  INFO  输入内容name,password,123123,耗时:0.09807682037353516秒
2024-11-18 16:00:01,271  -----selenium------  INFO  等待元素name,pwdconfirm,耗时:0.011216878890991211秒
2024-11-18 16:00:01,271  -----selenium------  INFO  等待元素name,pwdconfirm,耗时:0.011216878890991211秒
2024-11-18 16:00:01,358  -----selenium------  INFO  输入内容name,pwdconfirm,123123,耗时:0.0985713005065918秒
2024-11-18 16:00:01,358  -----selenium------  INFO  输入内容name,pwdconfirm,123123,耗时:0.0985713005065918秒
2024-11-18 16:00:01,373  -----selenium------  INFO  等待元素name,email,耗时:0.013260841369628906秒
2024-11-18 16:00:01,373  -----selenium------  INFO  等待元素name,email,耗时:0.013260841369628906秒
2024-11-18 16:00:01,482  -----selenium------  INFO  输入内容name,email,2657123456@qq.com,耗时:0.12233805656433105秒
2024-11-18 16:00:01,482  -----selenium------  INFO  输入内容name,email,2657123456@qq.com,耗时:0.12233805656433105秒
2024-11-18 16:00:01,494  -----selenium------  INFO  等待元素name,mobile,耗时:0.010934114456176758秒
2024-11-18 16:00:01,494  -----selenium------  INFO  等待元素name,mobile,耗时:0.010934114456176758秒
2024-11-18 16:00:01,589  -----selenium------  INFO  输入内容name,mobile,17646250717,耗时:0.10604715347290039秒
2024-11-18 16:00:01,589  -----selenium------  INFO  输入内容name,mobile,17646250717,耗时:0.10604715347290039秒
2024-11-18 16:00:01,602  -----selenium------  INFO  等待元素name,dosubmit,耗时:0.012007474899291992秒
2024-11-18 16:00:01,602  -----selenium------  INFO  等待元素name,dosubmit,耗时:0.012007474899291992秒
2024-11-18 16:00:01,706  -----selenium------  INFO  点击元素name,dosubmit,耗时:0.11650896072387695秒
2024-11-18 16:00:01,706  -----selenium------  INFO  点击元素name,dosubmit,耗时:0.11650896072387695秒
2024-11-18 16:00:03,936  -----selenium------  INFO  等待元素xpath,/html/body/div[1]/div/ul[2]/li[1]/a,耗时:0.227586030960083秒
2024-11-18 16:00:03,936  -----selenium------  INFO  等待元素xpath,/html/body/div[1]/div/ul[2]/li[1]/a,耗时:0.227586030960083秒
2024-11-18 16:00:03,968  -----selenium------  INFO  获取文本xpath,/html/body/div[1]/div/ul[2]/li[1]/a,耗时:0.2595839500427246秒
2024-11-18 16:00:03,968  -----selenium------  INFO  获取文本xpath,/html/body/div[1]/div/ul[2]/li[1]/a,耗时:0.2595839500427246秒
2024-11-18 16:00:03,986  -----selenium------  INFO  等待元素text,返回商城首页,耗时:0.017101049423217773秒
2024-11-18 16:00:03,986  -----selenium------  INFO  等待元素text,返回商城首页,耗时:0.017101049423217773秒
2024-11-18 16:00:04,454  -----selenium------  INFO  点击元素text,返回商城首页,耗时:0.48505401611328125秒
2024-11-18 16:00:04,454  -----selenium------  INFO  点击元素text,返回商城首页,耗时:0.48505401611328125秒
2024-11-18 16:00:04,663  -----selenium------  INFO  等待元素xpath,/html/body/div[5]/div[1]/div/ul/li[1]/div[1]/a,耗时:0.20869970321655273秒
2024-11-18 16:00:04,663  -----selenium------  INFO  等待元素xpath,/html/body/div[5]/div[1]/div/ul/li[1]/div[1]/a,耗时:0.20869970321655273秒
2024-11-18 16:00:05,346  -----selenium------  INFO  点击元素xpath,/html/body/div[5]/div[1]/div/ul/li[1]/div[1]/a,耗时:0.8921735286712646秒
2024-11-18 16:00:05,346  -----selenium------  INFO  点击元素xpath,/html/body/div[5]/div[1]/div/ul/li[1]/div[1]/a,耗时:0.8921735286712646秒
2024-11-18 16:00:05,366  -----selenium------  INFO  等待元素text,立即购买,耗时:0.0189054012298584秒
2024-11-18 16:00:05,366  -----selenium------  INFO  等待元素text,立即购买,耗时:0.0189054012298584秒
2024-11-18 16:00:05,472  -----selenium------  INFO  点击元素text,立即购买,耗时:0.12463879585266113秒
2024-11-18 16:00:05,472  -----selenium------  INFO  点击元素text,立即购买,耗时:0.12463879585266113秒
2024-11-18 16:00:05,891  -----selenium------  INFO  等待元素xpath,/html/body/div[3]/div[2]/dl[1]/dd/div/a,耗时:0.41778087615966797秒
2024-11-18 16:00:05,891  -----selenium------  INFO  等待元素xpath,/html/body/div[3]/div[2]/dl[1]/dd/div/a,耗时:0.41778087615966797秒
2024-11-18 16:00:06,015  -----selenium------  INFO  点击元素xpath,/html/body/div[3]/div[2]/dl[1]/dd/div/a,耗时:0.5414023399353027秒
2024-11-18 16:00:06,015  -----selenium------  INFO  点击元素xpath,/html/body/div[3]/div[2]/dl[1]/dd/div/a,耗时:0.5414023399353027秒
2024-11-18 16:00:06,028  -----selenium------  INFO  等待元素xpath,/html/body/div[7]/div/table/tbody/tr[2]/td/div/iframe,耗时:0.011751890182495117秒
2024-11-18 16:00:06,028  -----selenium------  INFO  等待元素xpath,/html/body/div[7]/div/table/tbody/tr[2]/td/div/iframe,耗时:0.011751890182495117秒
2024-11-18 16:00:06,237  -----selenium------  INFO  切换框架xpath,/html/body/div[7]/div/table/tbody/tr[2]/td/div/iframe,耗时:0.22062945365905762秒
2024-11-18 16:00:06,237  -----selenium------  INFO  切换框架xpath,/html/body/div[7]/div/table/tbody/tr[2]/td/div/iframe,耗时:0.22062945365905762秒
2024-11-18 16:00:06,252  -----selenium------  INFO  等待元素xpath,/html/body/form/div[1]/ul/li[1]/div/div/div[2]/div[1],耗时:0.014929056167602539秒
2024-11-18 16:00:06,252  -----selenium------  INFO  等待元素xpath,/html/body/form/div[1]/ul/li[1]/div/div/div[2]/div[1],耗时:0.014929056167602539秒
2024-11-18 16:00:06,527  -----selenium------  INFO  点击元素xpath,/html/body/form/div[1]/ul/li[1]/div/div/div[2]/div[1],耗时:0.28993964195251465秒
2024-11-18 16:00:06,527  -----selenium------  INFO  点击元素xpath,/html/body/form/div[1]/ul/li[1]/div/div/div[2]/div[1],耗时:0.28993964195251465秒
2024-11-18 16:00:06,549  -----selenium------  INFO  等待元素text,广西,耗时:0.019601821899414062秒
2024-11-18 16:00:06,549  -----selenium------  INFO  等待元素text,广西,耗时:0.019601821899414062秒
2024-11-18 16:00:06,825  -----selenium------  INFO  点击元素text,广西,耗时:0.29634857177734375秒
2024-11-18 16:00:06,825  -----selenium------  INFO  点击元素text,广西,耗时:0.29634857177734375秒
2024-11-18 16:00:06,849  -----selenium------  INFO  等待元素text,南宁,耗时:0.021579504013061523秒
2024-11-18 16:00:06,849  -----selenium------  INFO  等待元素text,南宁,耗时:0.021579504013061523秒
2024-11-18 16:00:07,125  -----selenium------  INFO  点击元素text,南宁,耗时:0.29785966873168945秒
2024-11-18 16:00:07,125  -----selenium------  INFO  点击元素text,南宁,耗时:0.29785966873168945秒
2024-11-18 16:00:07,145  -----selenium------  INFO  等待元素text,西乡塘,耗时:0.018912792205810547秒
2024-11-18 16:00:07,145  -----selenium------  INFO  等待元素text,西乡塘,耗时:0.018912792205810547秒
2024-11-18 16:00:07,405  -----selenium------  INFO  点击元素text,西乡塘,耗时:0.2784767150878906秒
2024-11-18 16:00:07,405  -----selenium------  INFO  点击元素text,西乡塘,耗时:0.2784767150878906秒
2024-11-18 16:00:07,429  -----selenium------  INFO  等待元素text,西乡塘街道,耗时:0.023647546768188477秒
2024-11-18 16:00:07,429  -----selenium------  INFO  等待元素text,西乡塘街道,耗时:0.023647546768188477秒
2024-11-18 16:00:07,689  -----selenium------  INFO  点击元素text,西乡塘街道,耗时:0.28380775451660156秒
2024-11-18 16:00:07,689  -----selenium------  INFO  点击元素text,西乡塘街道,耗时:0.28380775451660156秒
2024-11-18 16:00:07,704  -----selenium------  INFO  等待元素name,address,耗时:0.015041589736938477秒
2024-11-18 16:00:07,704  -----selenium------  INFO  等待元素name,address,耗时:0.015041589736938477秒
2024-11-18 16:00:07,794  -----selenium------  INFO  输入内容name,address,榕华大厦313,耗时:0.10490560531616211秒
2024-11-18 16:00:07,794  -----selenium------  INFO  输入内容name,address,榕华大厦313,耗时:0.10490560531616211秒
2024-11-18 16:00:07,821  -----selenium------  INFO  等待元素name,name,耗时:0.025832653045654297秒
2024-11-18 16:00:07,821  -----selenium------  INFO  等待元素name,name,耗时:0.025832653045654297秒
2024-11-18 16:00:07,898  -----selenium------  INFO  输入内容name,name,李四,耗时:0.10281062126159668秒
2024-11-18 16:00:07,898  -----selenium------  INFO  输入内容name,name,李四,耗时:0.10281062126159668秒
2024-11-18 16:00:07,919  -----selenium------  INFO  等待元素name,mobile,耗时:0.019526004791259766秒
2024-11-18 16:00:07,919  -----selenium------  INFO  等待元素name,mobile,耗时:0.019526004791259766秒
2024-11-18 16:00:08,014  -----selenium------  INFO  输入内容name,mobile,13888888888,耗时:0.11517977714538574秒
2024-11-18 16:00:08,014  -----selenium------  INFO  输入内容name,mobile,13888888888,耗时:0.11517977714538574秒
2024-11-18 16:00:08,030  -----selenium------  INFO  等待元素name,zipcode,耗时:0.0142822265625秒
2024-11-18 16:00:08,030  -----selenium------  INFO  等待元素name,zipcode,耗时:0.0142822265625秒
2024-11-18 16:00:08,114  -----selenium------  INFO  输入内容name,zipcode,533899,耗时:0.09903669357299805秒
2024-11-18 16:00:08,114  -----selenium------  INFO  输入内容name,zipcode,533899,耗时:0.09903669357299805秒
2024-11-18 16:00:08,127  -----selenium------  INFO  等待元素id,hold,耗时:0.01320648193359375秒
2024-11-18 16:00:08,127  -----selenium------  INFO  等待元素id,hold,耗时:0.01320648193359375秒
2024-11-18 16:00:08,317  -----selenium------  INFO  点击元素id,hold,耗时:0.20261549949645996秒
2024-11-18 16:00:08,317  -----selenium------  INFO  点击元素id,hold,耗时:0.20261549949645996秒
2024-11-18 16:00:08,322  -----selenium------  INFO  切换默认框架,耗时:0.0023033618927001953秒
2024-11-18 16:00:08,322  -----selenium------  INFO  切换默认框架,耗时:0.0023033618927001953秒
2024-11-18 16:00:10,587  -----selenium------  INFO  等待元素text,货到付款,耗时:0.2630808353424072秒
2024-11-18 16:00:10,587  -----selenium------  INFO  等待元素text,货到付款,耗时:0.2630808353424072秒
2024-11-18 16:00:10,815  -----selenium------  INFO  点击元素text,货到付款,耗时:0.4904489517211914秒
2024-11-18 16:00:10,815  -----selenium------  INFO  点击元素text,货到付款,耗时:0.4904489517211914秒
2024-11-18 16:00:10,841  -----selenium------  INFO  等待元素xpath,/html/body/div[3]/div[2]/div[1]/div/div[1]/div/input,耗时:0.02491450309753418秒
2024-11-18 16:00:10,841  -----selenium------  INFO  等待元素xpath,/html/body/div[3]/div[2]/div[1]/div/div[1]/div/input,耗时:0.02491450309753418秒
2024-11-18 16:00:10,963  -----selenium------  INFO  输入内容xpath,/html/body/div[3]/div[2]/div[1]/div/div[1]/div/input,速速发货,耗时:0.14694857597351074秒
2024-11-18 16:00:10,963  -----selenium------  INFO  输入内容xpath,/html/body/div[3]/div[2]/div[1]/div/div[1]/div/input,速速发货,耗时:0.14694857597351074秒
2024-11-18 16:00:10,983  -----selenium------  INFO  等待元素text,提交订单,耗时:0.019123077392578125秒
2024-11-18 16:00:10,983  -----selenium------  INFO  等待元素text,提交订单,耗时:0.019123077392578125秒
2024-11-18 16:00:11,093  -----selenium------  INFO  点击元素text,提交订单,耗时:0.1296215057373047秒
2024-11-18 16:00:11,093  -----selenium------  INFO  点击元素text,提交订单,耗时:0.1296215057373047秒
2024-11-18 16:00:11,555  -----selenium------  INFO  等待元素xpath,/html/body/div[3]/div[2]/div[1]/p[1]/span,耗时:0.46112799644470215秒
2024-11-18 16:00:11,555  -----selenium------  INFO  等待元素xpath,/html/body/div[3]/div[2]/div[1]/p[1]/span,耗时:0.46112799644470215秒
2024-11-18 16:00:11,587  -----selenium------  INFO  获取文本xpath,/html/body/div[3]/div[2]/div[1]/p[1]/span,耗时:0.4933648109436035秒
2024-11-18 16:00:11,587  -----selenium------  INFO  获取文本xpath,/html/body/div[3]/div[2]/div[1]/p[1]/span,耗时:0.4933648109436035秒
2024-11-18 16:00:14,606  -----selenium------  INFO  等待元素xpath,/html/body/div[3]/div[2]/div[1]/p[1]/span,耗时:0.017318010330200195秒
2024-11-18 16:00:14,606  -----selenium------  INFO  等待元素xpath,/html/body/div[3]/div[2]/div[1]/p[1]/span,耗时:0.017318010330200195秒
2024-11-18 16:00:14,635  -----selenium------  INFO  获取文本xpath,/html/body/div[3]/div[2]/div[1]/p[1]/span,耗时:0.04649853706359863秒
2024-11-18 16:00:14,635  -----selenium------  INFO  获取文本xpath,/html/body/div[3]/div[2]/div[1]/p[1]/span,耗时:0.04649853706359863秒
2024-11-18 16:00:16,915  -----selenium------  INFO  关闭浏览器,耗时:2.277886390686035秒
2024-11-18 16:00:16,915  -----selenium------  INFO  关闭浏览器,耗时:2.277886390686035秒
2024-11-18 16:37:15,052  -----selenium------  INFO  启动edge浏览器,耗时:2.488996744155884秒
2024-11-18 16:37:18,829  -----selenium------  INFO  打开地址http://39.102.208.214/haidao/index.php?m=admin&c=index&a=index,耗时:3.7742655277252197秒
2024-11-18 16:37:18,864  -----selenium------  INFO  等待元素name,username,耗时:0.0349123477935791秒
2024-11-18 16:37:19,017  -----selenium------  INFO  输入内容name,username,admin,耗时:0.18774032592773438秒
2024-11-18 16:37:19,060  -----selenium------  INFO  等待元素name,password,耗时:0.04245281219482422秒
2024-11-18 16:37:19,266  -----selenium------  INFO  输入内容name,password,111111,耗时:0.24840044975280762秒
2024-11-18 16:37:19,292  -----selenium------  INFO  等待元素name,dosubmit,耗时:0.02604055404663086秒
2024-11-18 16:37:20,023  -----selenium------  INFO  点击元素name,dosubmit,耗时:0.7573225498199463秒
2024-11-18 16:37:20,072  -----selenium------  INFO  等待元素text,商品,耗时:0.0489809513092041秒
2024-11-18 16:37:20,329  -----selenium------  INFO  点击元素text,商品,耗时:0.3063631057739258秒
2024-11-18 16:37:20,394  -----selenium------  INFO  等待元素name,main_frame,耗时:0.06089210510253906秒
2024-11-18 16:37:20,595  -----selenium------  INFO  切换框架name,main_frame,耗时:0.26213860511779785秒
2024-11-18 16:37:20,628  -----selenium------  INFO  等待元素text,添加,耗时:0.032590389251708984秒
2024-11-18 16:37:21,214  -----selenium------  INFO  点击元素text,添加,耗时:0.6181290149688721秒
2024-11-18 16:37:21,238  -----selenium------  INFO  等待元素name,name,耗时:0.024066925048828125秒
2024-11-18 16:37:21,383  -----selenium------  INFO  输入内容name,name,商品7947922,耗时:0.16946911811828613秒
2024-11-18 16:37:21,412  -----selenium------  INFO  等待元素xpath,/html/body/div[2]/form/div[2]/div[3]/div/div/div[1]/input[1],耗时:0.028682470321655273秒
2024-11-18 16:37:21,729  -----selenium------  INFO  点击元素xpath,/html/body/div[2]/form/div[2]/div[3]/div/div/div[1]/input[1],耗时:0.34633588790893555秒
2024-11-18 16:37:21,751  -----selenium------  INFO  等待元素xpath,/html/body/div[2]/form/div[2]/div[3]/div/div/div[3]/span[1],耗时:0.021910667419433594秒
2024-11-18 16:37:22,037  -----selenium------  INFO  点击元素xpath,/html/body/div[2]/form/div[2]/div[3]/div/div/div[3]/span[1],耗时:0.30715370178222656秒
2024-11-18 16:37:22,053  -----selenium------  INFO  等待元素xpath,/html/body/div[2]/form/div[1]/div/div/input[2],耗时:0.01621842384338379秒
2024-11-18 16:37:22,364  -----selenium------  INFO  点击元素xpath,/html/body/div[2]/form/div[1]/div/div/input[2],耗时:0.3279590606689453秒
2024-11-18 16:37:22,368  -----selenium------  INFO  切换默认框架,耗时:0.0033931732177734375秒
2024-11-18 16:37:22,404  -----selenium------  INFO  等待元素xpath,/html/body/div[6]/div/table/tbody/tr[2]/td/div/iframe,耗时:0.0364375114440918秒
2024-11-18 16:37:22,492  -----selenium------  INFO  切换框架xpath,/html/body/div[6]/div/table/tbody/tr[2]/td/div/iframe,耗时:0.12434792518615723秒
2024-11-18 16:37:22,518  -----selenium------  INFO  等待元素xpath, /html/body/div/div[1]/div[1]/a[1],耗时:0.025900602340698242秒
2024-11-18 16:37:22,849  -----selenium------  INFO  点击元素xpath, /html/body/div/div[1]/div[1]/a[1],耗时:0.3567695617675781秒
2024-11-18 16:37:22,884  -----selenium------  INFO  等待元素id,okbtn,耗时:0.03514409065246582秒
2024-11-18 16:37:23,184  -----selenium------  INFO  点击元素id,okbtn,耗时:0.3344156742095947秒
2024-11-18 16:37:23,193  -----selenium------  INFO  切换默认框架,耗时:0.00855398178100586秒
2024-11-18 16:37:24,212  -----selenium------  INFO  等待元素name,main_frame,耗时:0.015844106674194336秒
2024-11-18 16:37:24,304  -----selenium------  INFO  切换框架name,main_frame,耗时:0.1081857681274414秒
2024-11-18 16:37:24,340  -----selenium------  INFO  等待元素id,release,耗时:0.03189992904663086秒
2024-11-18 16:37:24,679  -----selenium------  INFO  点击元素id,release,耗时:0.37119174003601074秒
2024-11-18 16:37:24,999  -----selenium------  INFO  等待元素name,shop_price[],耗时:0.31965017318725586秒
2024-11-18 16:37:25,148  -----selenium------  INFO  清除内容name,shop_price[],耗时:0.4687666893005371秒
2024-11-18 16:37:25,172  -----selenium------  INFO  等待元素name,shop_price[],耗时:0.023636341094970703秒
2024-11-18 16:37:25,474  -----selenium------  INFO  输入内容name,shop_price[],1001433,耗时:0.3259766101837158秒
2024-11-18 16:37:25,503  -----selenium------  INFO  等待元素name,market_price[],耗时:0.02860856056213379秒
2024-11-18 16:37:25,629  -----selenium------  INFO  清除内容name,market_price[],耗时:0.15526318550109863秒
2024-11-18 16:37:25,658  -----selenium------  INFO  等待元素name,market_price[],耗时:0.028757095336914062秒
2024-11-18 16:37:25,833  -----selenium------  INFO  输入内容name,market_price[],208084,耗时:0.2034623622894287秒
2024-11-18 16:37:25,868  -----selenium------  INFO  等待元素name,number[],耗时:0.032629966735839844秒
2024-11-18 16:37:26,132  -----selenium------  INFO  输入内容name,number[],503871,耗时:0.29723596572875977秒
2024-11-18 16:37:27,147  -----selenium------  INFO  等待元素name,dosubmit,耗时:0.013573408126831055秒
2024-11-18 16:37:27,440  -----selenium------  INFO  点击元素name,dosubmit,耗时:0.3067591190338135秒
2024-11-18 16:37:28,465  -----selenium------  INFO  等待元素name,dosubmit,耗时:0.022439002990722656秒
2024-11-18 16:37:28,813  -----selenium------  INFO  点击元素name,dosubmit,耗时:0.37065720558166504秒
2024-11-18 16:37:30,844  -----selenium------  INFO  等待元素id,goods_attr,耗时:0.028759241104125977秒
2024-11-18 16:37:31,209  -----selenium------  INFO  点击元素id,goods_attr,耗时:0.39429759979248047秒
2024-11-18 16:37:31,906  -----selenium------  INFO  等待元素xpath,/html/body/div[2]/div/form/div[1]/div[2]/div,耗时:0.695472002029419秒
2024-11-18 16:37:32,146  -----selenium------  INFO  输入内容xpath,/html/body/div[2]/div/form/div[1]/div[2]/div,61653,耗时:0.9308838844299316秒
2024-11-18 16:37:32,177  -----selenium------  INFO  等待元素xpath,/html/body/div[2]/div/form/div[2]/input,耗时:0.030309677124023438秒
2024-11-18 16:37:32,889  -----selenium------  INFO  点击元素xpath,/html/body/div[2]/div/form/div[2]/input,耗时:0.742283821105957秒
2024-11-18 16:37:32,918  -----selenium------  INFO  等待元素xpath,/html/body/div/div/div[2]/span,耗时:0.02734208106994629秒
2024-11-18 16:37:32,965  -----selenium------  INFO  获取文本xpath,/html/body/div/div/div[2]/span,耗时:0.07381272315979004秒
2024-11-18 16:37:35,420  -----selenium------  INFO  关闭浏览器,耗时:2.455336332321167秒
2024-11-18 16:37:37,937  -----selenium------  INFO  启动edge浏览器,耗时:2.5047008991241455秒
2024-11-18 16:37:37,937  -----selenium------  INFO  启动edge浏览器,耗时:2.5047008991241455秒
2024-11-18 16:37:45,163  -----selenium------  INFO  打开地址http://39.102.208.214/haidao/,耗时:7.217172145843506秒
2024-11-18 16:37:45,163  -----selenium------  INFO  打开地址http://39.102.208.214/haidao/,耗时:7.217172145843506秒
2024-11-18 16:37:45,229  -----selenium------  INFO  等待元素text,注册,耗时:0.06230354309082031秒
2024-11-18 16:37:45,229  -----selenium------  INFO  等待元素text,注册,耗时:0.06230354309082031秒
2024-11-18 16:37:45,820  -----selenium------  INFO  点击元素text,注册,耗时:0.653327226638794秒
2024-11-18 16:37:45,820  -----selenium------  INFO  点击元素text,注册,耗时:0.653327226638794秒
2024-11-18 16:37:45,857  -----selenium------  INFO  等待元素name,username,耗时:0.03737640380859375秒
2024-11-18 16:37:45,857  -----selenium------  INFO  等待元素name,username,耗时:0.03737640380859375秒
2024-11-18 16:37:46,152  -----selenium------  INFO  输入内容name,username,admin7161358,耗时:0.3319258689880371秒
2024-11-18 16:37:46,152  -----selenium------  INFO  输入内容name,username,admin7161358,耗时:0.3319258689880371秒
2024-11-18 16:37:46,179  -----selenium------  INFO  等待元素name,password,耗时:0.02767777442932129秒
2024-11-18 16:37:46,179  -----selenium------  INFO  等待元素name,password,耗时:0.02767777442932129秒
2024-11-18 16:37:46,384  -----selenium------  INFO  输入内容name,password,123123,耗时:0.23229193687438965秒
2024-11-18 16:37:46,384  -----selenium------  INFO  输入内容name,password,123123,耗时:0.23229193687438965秒
2024-11-18 16:37:46,411  -----selenium------  INFO  等待元素name,pwdconfirm,耗时:0.02635669708251953秒
2024-11-18 16:37:46,411  -----selenium------  INFO  等待元素name,pwdconfirm,耗时:0.02635669708251953秒
2024-11-18 16:37:46,560  -----selenium------  INFO  输入内容name,pwdconfirm,123123,耗时:0.17470216751098633秒
2024-11-18 16:37:46,560  -----selenium------  INFO  输入内容name,pwdconfirm,123123,耗时:0.17470216751098633秒
2024-11-18 16:37:46,587  -----selenium------  INFO  等待元素name,email,耗时:0.027408838272094727秒
2024-11-18 16:37:46,587  -----selenium------  INFO  等待元素name,email,耗时:0.027408838272094727秒
2024-11-18 16:37:46,803  -----selenium------  INFO  输入内容name,email,4198123456@qq.com,耗时:0.24356436729431152秒
2024-11-18 16:37:46,803  -----selenium------  INFO  输入内容name,email,4198123456@qq.com,耗时:0.24356436729431152秒
2024-11-18 16:37:46,826  -----selenium------  INFO  等待元素name,mobile,耗时:0.022338151931762695秒
2024-11-18 16:37:46,826  -----selenium------  INFO  等待元素name,mobile,耗时:0.022338151931762695秒
2024-11-18 16:37:47,013  -----selenium------  INFO  输入内容name,mobile,17652310174,耗时:0.21007895469665527秒
2024-11-18 16:37:47,013  -----selenium------  INFO  输入内容name,mobile,17652310174,耗时:0.21007895469665527秒
2024-11-18 16:37:47,034  -----selenium------  INFO  等待元素name,dosubmit,耗时:0.019247770309448242秒
2024-11-18 16:37:47,034  -----selenium------  INFO  等待元素name,dosubmit,耗时:0.019247770309448242秒
2024-11-18 16:37:47,208  -----selenium------  INFO  点击元素name,dosubmit,耗时:0.19327592849731445秒
2024-11-18 16:37:47,208  -----selenium------  INFO  点击元素name,dosubmit,耗时:0.19327592849731445秒
2024-11-18 16:37:49,561  -----selenium------  INFO  等待元素xpath,/html/body/div[1]/div/ul[2]/li[1]/a,耗时:0.3475470542907715秒
2024-11-18 16:37:49,561  -----selenium------  INFO  等待元素xpath,/html/body/div[1]/div/ul[2]/li[1]/a,耗时:0.3475470542907715秒
2024-11-18 16:37:49,599  -----selenium------  INFO  获取文本xpath,/html/body/div[1]/div/ul[2]/li[1]/a,耗时:0.38552117347717285秒
2024-11-18 16:37:49,599  -----selenium------  INFO  获取文本xpath,/html/body/div[1]/div/ul[2]/li[1]/a,耗时:0.38552117347717285秒
2024-11-18 16:37:49,628  -----selenium------  INFO  等待元素text,返回商城首页,耗时:0.029350996017456055秒
2024-11-18 16:37:49,628  -----selenium------  INFO  等待元素text,返回商城首页,耗时:0.029350996017456055秒
2024-11-18 16:37:50,177  -----selenium------  INFO  点击元素text,返回商城首页,耗时:0.5776746273040771秒
2024-11-18 16:37:50,177  -----selenium------  INFO  点击元素text,返回商城首页,耗时:0.5776746273040771秒
2024-11-18 16:37:50,335  -----selenium------  INFO  等待元素xpath,/html/body/div[5]/div[1]/div/ul/li[1]/div[1]/a,耗时:0.1575932502746582秒
2024-11-18 16:37:50,335  -----selenium------  INFO  等待元素xpath,/html/body/div[5]/div[1]/div/ul/li[1]/div[1]/a,耗时:0.1575932502746582秒
2024-11-18 16:37:51,002  -----selenium------  INFO  点击元素xpath,/html/body/div[5]/div[1]/div/ul/li[1]/div[1]/a,耗时:0.8245608806610107秒
2024-11-18 16:37:51,002  -----selenium------  INFO  点击元素xpath,/html/body/div[5]/div[1]/div/ul/li[1]/div[1]/a,耗时:0.8245608806610107秒
2024-11-18 16:37:51,057  -----selenium------  INFO  等待元素text,立即购买,耗时:0.05178046226501465秒
2024-11-18 16:37:51,057  -----selenium------  INFO  等待元素text,立即购买,耗时:0.05178046226501465秒
2024-11-18 16:37:51,251  -----selenium------  INFO  点击元素text,立即购买,耗时:0.24651861190795898秒
2024-11-18 16:37:51,251  -----selenium------  INFO  点击元素text,立即购买,耗时:0.24651861190795898秒
2024-11-18 16:37:51,669  -----selenium------  INFO  等待元素xpath,/html/body/div[3]/div[2]/dl[1]/dd/div/a,耗时:0.41727280616760254秒
2024-11-18 16:37:51,669  -----selenium------  INFO  等待元素xpath,/html/body/div[3]/div[2]/dl[1]/dd/div/a,耗时:0.41727280616760254秒
2024-11-18 16:37:51,912  -----selenium------  INFO  点击元素xpath,/html/body/div[3]/div[2]/dl[1]/dd/div/a,耗时:0.6603901386260986秒
2024-11-18 16:37:51,912  -----selenium------  INFO  点击元素xpath,/html/body/div[3]/div[2]/dl[1]/dd/div/a,耗时:0.6603901386260986秒
2024-11-18 16:37:51,926  -----selenium------  INFO  等待元素xpath,/html/body/div[7]/div/table/tbody/tr[2]/td/div/iframe,耗时:0.013980388641357422秒
2024-11-18 16:37:51,926  -----selenium------  INFO  等待元素xpath,/html/body/div[7]/div/table/tbody/tr[2]/td/div/iframe,耗时:0.013980388641357422秒
2024-11-18 16:37:52,163  -----selenium------  INFO  切换框架xpath,/html/body/div[7]/div/table/tbody/tr[2]/td/div/iframe,耗时:0.25096631050109863秒
2024-11-18 16:37:52,163  -----selenium------  INFO  切换框架xpath,/html/body/div[7]/div/table/tbody/tr[2]/td/div/iframe,耗时:0.25096631050109863秒
2024-11-18 16:37:52,194  -----selenium------  INFO  等待元素xpath,/html/body/form/div[1]/ul/li[1]/div/div/div[2]/div[1],耗时:0.029340505599975586秒
2024-11-18 16:37:52,194  -----selenium------  INFO  等待元素xpath,/html/body/form/div[1]/ul/li[1]/div/div/div[2]/div[1],耗时:0.029340505599975586秒
2024-11-18 16:37:52,590  -----selenium------  INFO  点击元素xpath,/html/body/form/div[1]/ul/li[1]/div/div/div[2]/div[1],耗时:0.4249460697174072秒
2024-11-18 16:37:52,590  -----selenium------  INFO  点击元素xpath,/html/body/form/div[1]/ul/li[1]/div/div/div[2]/div[1],耗时:0.4249460697174072秒
2024-11-18 16:37:52,630  -----selenium------  INFO  等待元素text,广西,耗时:0.037311553955078125秒
2024-11-18 16:37:52,630  -----selenium------  INFO  等待元素text,广西,耗时:0.037311553955078125秒
2024-11-18 16:37:53,047  -----selenium------  INFO  点击元素text,广西,耗时:0.4546549320220947秒
2024-11-18 16:37:53,047  -----selenium------  INFO  点击元素text,广西,耗时:0.4546549320220947秒
2024-11-18 16:37:53,095  -----selenium------  INFO  等待元素text,南宁,耗时:0.047746896743774414秒
2024-11-18 16:37:53,095  -----selenium------  INFO  等待元素text,南宁,耗时:0.047746896743774414秒
2024-11-18 16:37:53,488  -----selenium------  INFO  点击元素text,南宁,耗时:0.44068455696105957秒
2024-11-18 16:37:53,488  -----selenium------  INFO  点击元素text,南宁,耗时:0.44068455696105957秒
2024-11-18 16:37:53,525  -----selenium------  INFO  等待元素text,西乡塘,耗时:0.03744840621948242秒
2024-11-18 16:37:53,525  -----selenium------  INFO  等待元素text,西乡塘,耗时:0.03744840621948242秒
2024-11-18 16:37:53,940  -----selenium------  INFO  点击元素text,西乡塘,耗时:0.4519791603088379秒
2024-11-18 16:37:53,940  -----selenium------  INFO  点击元素text,西乡塘,耗时:0.4519791603088379秒
2024-11-18 16:37:53,980  -----selenium------  INFO  等待元素text,西乡塘街道,耗时:0.03406167030334473秒
2024-11-18 16:37:53,980  -----selenium------  INFO  等待元素text,西乡塘街道,耗时:0.03406167030334473秒
2024-11-18 16:37:54,426  -----selenium------  INFO  点击元素text,西乡塘街道,耗时:0.4866054058074951秒
2024-11-18 16:37:54,426  -----selenium------  INFO  点击元素text,西乡塘街道,耗时:0.4866054058074951秒
2024-11-18 16:37:54,453  -----selenium------  INFO  等待元素name,address,耗时:0.023774385452270508秒
2024-11-18 16:37:54,453  -----selenium------  INFO  等待元素name,address,耗时:0.023774385452270508秒
2024-11-18 16:37:54,641  -----selenium------  INFO  输入内容name,address,榕华大厦313,耗时:0.2116222381591797秒
2024-11-18 16:37:54,641  -----selenium------  INFO  输入内容name,address,榕华大厦313,耗时:0.2116222381591797秒
2024-11-18 16:37:54,667  -----selenium------  INFO  等待元素name,name,耗时:0.02225804328918457秒
2024-11-18 16:37:54,667  -----selenium------  INFO  等待元素name,name,耗时:0.02225804328918457秒
2024-11-18 16:37:54,838  -----selenium------  INFO  输入内容name,name,李四,耗时:0.1931159496307373秒
2024-11-18 16:37:54,838  -----selenium------  INFO  输入内容name,name,李四,耗时:0.1931159496307373秒
2024-11-18 16:37:54,860  -----selenium------  INFO  等待元素name,mobile,耗时:0.02195286750793457秒
2024-11-18 16:37:54,860  -----selenium------  INFO  等待元素name,mobile,耗时:0.02195286750793457秒
2024-11-18 16:37:55,041  -----selenium------  INFO  输入内容name,mobile,13888888888,耗时:0.20316791534423828秒
2024-11-18 16:37:55,041  -----selenium------  INFO  输入内容name,mobile,13888888888,耗时:0.20316791534423828秒
2024-11-18 16:37:55,057  -----selenium------  INFO  等待元素name,zipcode,耗时:0.016298532485961914秒
2024-11-18 16:37:55,057  -----selenium------  INFO  等待元素name,zipcode,耗时:0.016298532485961914秒
2024-11-18 16:37:55,230  -----selenium------  INFO  输入内容name,zipcode,533899,耗时:0.18944978713989258秒
2024-11-18 16:37:55,230  -----selenium------  INFO  输入内容name,zipcode,533899,耗时:0.18944978713989258秒
2024-11-18 16:37:55,251  -----selenium------  INFO  等待元素id,hold,耗时:0.020353317260742188秒
2024-11-18 16:37:55,251  -----selenium------  INFO  等待元素id,hold,耗时:0.020353317260742188秒
2024-11-18 16:37:55,509  -----selenium------  INFO  点击元素id,hold,耗时:0.27918577194213867秒
2024-11-18 16:37:55,509  -----selenium------  INFO  点击元素id,hold,耗时:0.27918577194213867秒
2024-11-18 16:37:55,519  -----selenium------  INFO  切换默认框架,耗时:0.0秒
2024-11-18 16:37:55,519  -----selenium------  INFO  切换默认框架,耗时:0.0秒
2024-11-18 16:37:57,874  -----selenium------  INFO  等待元素text,货到付款,耗时:0.3498878479003906秒
2024-11-18 16:37:57,874  -----selenium------  INFO  等待元素text,货到付款,耗时:0.3498878479003906秒
2024-11-18 16:37:58,070  -----selenium------  INFO  点击元素text,货到付款,耗时:0.546252965927124秒
2024-11-18 16:37:58,070  -----selenium------  INFO  点击元素text,货到付款,耗时:0.546252965927124秒
2024-11-18 16:37:58,128  -----selenium------  INFO  等待元素xpath,/html/body/div[3]/div[2]/div[1]/div/div[1]/div/input,耗时:0.056119441986083984秒
2024-11-18 16:37:58,128  -----selenium------  INFO  等待元素xpath,/html/body/div[3]/div[2]/div[1]/div/div[1]/div/input,耗时:0.056119441986083984秒
2024-11-18 16:37:58,292  -----selenium------  INFO  输入内容xpath,/html/body/div[3]/div[2]/div[1]/div/div[1]/div/input,速速发货,耗时:0.2209186553955078秒
2024-11-18 16:37:58,292  -----selenium------  INFO  输入内容xpath,/html/body/div[3]/div[2]/div[1]/div/div[1]/div/input,速速发货,耗时:0.2209186553955078秒
2024-11-18 16:37:58,325  -----selenium------  INFO  等待元素text,提交订单,耗时:0.0326387882232666秒
2024-11-18 16:37:58,325  -----selenium------  INFO  等待元素text,提交订单,耗时:0.0326387882232666秒
2024-11-18 16:37:58,508  -----selenium------  INFO  点击元素text,提交订单,耗时:0.2152402400970459秒
2024-11-18 16:37:58,508  -----selenium------  INFO  点击元素text,提交订单,耗时:0.2152402400970459秒
2024-11-18 16:37:59,004  -----selenium------  INFO  等待元素xpath,/html/body/div[3]/div[2]/div[1]/p[1]/span,耗时:0.49680423736572266秒
2024-11-18 16:37:59,004  -----selenium------  INFO  等待元素xpath,/html/body/div[3]/div[2]/div[1]/p[1]/span,耗时:0.49680423736572266秒
2024-11-18 16:37:59,037  -----selenium------  INFO  获取文本xpath,/html/body/div[3]/div[2]/div[1]/p[1]/span,耗时:0.5297162532806396秒
2024-11-18 16:37:59,037  -----selenium------  INFO  获取文本xpath,/html/body/div[3]/div[2]/div[1]/p[1]/span,耗时:0.5297162532806396秒
2024-11-18 16:38:02,060  -----selenium------  INFO  等待元素xpath,/html/body/div[3]/div[2]/div[1]/p[1]/span,耗时:0.016837358474731445秒
2024-11-18 16:38:02,060  -----selenium------  INFO  等待元素xpath,/html/body/div[3]/div[2]/div[1]/p[1]/span,耗时:0.016837358474731445秒
2024-11-18 16:38:02,103  -----selenium------  INFO  获取文本xpath,/html/body/div[3]/div[2]/div[1]/p[1]/span,耗时:0.05999135971069336秒
2024-11-18 16:38:02,103  -----selenium------  INFO  获取文本xpath,/html/body/div[3]/div[2]/div[1]/p[1]/span,耗时:0.05999135971069336秒
2024-11-18 16:38:04,556  -----selenium------  INFO  关闭浏览器,耗时:2.4490506649017334秒
2024-11-18 16:38:04,556  -----selenium------  INFO  关闭浏览器,耗时:2.4490506649017334秒
