2024-11-11 11:07:26,626  -----selenium------  INFO  启动chrome浏览器,耗时:9.754410982131958秒
2024-11-11 11:07:29,458  -----selenium------  INFO  打开地址http://39.102.208.214/haidao,耗时:2.830946683883667秒
2024-11-11 11:07:29,491  -----selenium------  INFO  等待元素text,登录,耗时:0.03254055976867676秒
2024-11-11 11:07:29,745  -----selenium------  INFO  点击元素text,登录,耗时:0.28666019439697266秒
2024-11-11 11:07:29,768  -----selenium------  INFO  等待元素name,username,耗时:0.02250194549560547秒
2024-11-11 11:07:29,867  -----selenium------  INFO  输入内容name,username,admin,耗时:0.12179994583129883秒
2024-11-11 11:07:29,880  -----selenium------  INFO  等待元素name,password,耗时:0.012422561645507812秒
2024-11-11 11:07:29,971  -----selenium------  INFO  输入内容name,password,111111,耗时:0.10277891159057617秒
2024-11-11 11:07:29,983  -----selenium------  INFO  等待元素id,popup-submit,耗时:0.012440204620361328秒
2024-11-11 11:07:30,047  -----selenium------  INFO  点击元素id,popup-submit,耗时:0.07674765586853027秒
2024-11-11 11:07:33,067  -----selenium------  INFO  等待元素xpath,/html/body/div[1]/div/ul[2]/li[1]/a,耗时:0.016330957412719727秒
2024-11-11 11:07:33,087  -----selenium------  INFO  获取文本xpath,/html/body/div[1]/div/ul[2]/li[1]/a,耗时:0.036342620849609375秒
2024-11-11 11:07:35,263  -----selenium------  INFO  关闭浏览器,耗时:2.175919532775879秒
2024-11-11 11:07:36,703  -----selenium------  INFO  启动chrome浏览器,耗时:1.4394636154174805秒
2024-11-11 11:07:36,703  -----selenium------  INFO  启动chrome浏览器,耗时:1.4394636154174805秒
2024-11-11 11:07:39,508  -----selenium------  INFO  打开地址http://39.102.208.214/haidao,耗时:2.803830862045288秒
2024-11-11 11:07:39,508  -----selenium------  INFO  打开地址http://39.102.208.214/haidao,耗时:2.803830862045288秒
2024-11-11 11:07:39,540  -----selenium------  INFO  等待元素text,登录,耗时:0.03063225746154785秒
2024-11-11 11:07:39,540  -----selenium------  INFO  等待元素text,登录,耗时:0.03063225746154785秒
2024-11-11 11:07:39,841  -----selenium------  INFO  点击元素text,登录,耗时:0.3318049907684326秒
2024-11-11 11:07:39,841  -----selenium------  INFO  点击元素text,登录,耗时:0.3318049907684326秒
2024-11-11 11:07:39,857  -----selenium------  INFO  等待元素name,username,耗时:0.015145301818847656秒
2024-11-11 11:07:39,857  -----selenium------  INFO  等待元素name,username,耗时:0.015145301818847656秒
2024-11-11 11:07:39,952  -----selenium------  INFO  输入内容name,username,admin,耗时:0.10985803604125977秒
2024-11-11 11:07:39,952  -----selenium------  INFO  输入内容name,username,admin,耗时:0.10985803604125977秒
2024-11-11 11:07:39,964  -----selenium------  INFO  等待元素name,password,耗时:0.011019229888916016秒
2024-11-11 11:07:39,964  -----selenium------  INFO  等待元素name,password,耗时:0.011019229888916016秒
2024-11-11 11:07:40,057  -----selenium------  INFO  输入内容name,password,1111110,耗时:0.10440635681152344秒
2024-11-11 11:07:40,057  -----selenium------  INFO  输入内容name,password,1111110,耗时:0.10440635681152344秒
2024-11-11 11:07:40,069  -----selenium------  INFO  等待元素id,popup-submit,耗时:0.010999202728271484秒
2024-11-11 11:07:40,069  -----selenium------  INFO  等待元素id,popup-submit,耗时:0.010999202728271484秒
2024-11-11 11:07:40,129  -----selenium------  INFO  点击元素id,popup-submit,耗时:0.07057070732116699秒
2024-11-11 11:07:40,129  -----selenium------  INFO  点击元素id,popup-submit,耗时:0.07057070732116699秒
2024-11-11 11:07:40,212  -----selenium------  INFO  等待元素class,error,耗时:0.07985925674438477秒
2024-11-11 11:07:40,212  -----selenium------  INFO  等待元素class,error,耗时:0.07985925674438477秒
2024-11-11 11:07:40,236  -----selenium------  INFO  获取文本class,error,耗时:0.10380792617797852秒
2024-11-11 11:07:40,236  -----selenium------  INFO  获取文本class,error,耗时:0.10380792617797852秒
2024-11-11 11:07:42,479  -----selenium------  INFO  关闭浏览器,耗时:2.1709091663360596秒
2024-11-11 11:07:42,479  -----selenium------  INFO  关闭浏览器,耗时:2.1709091663360596秒
2024-11-11 11:09:21,667  -----selenium------  INFO  启动chrome浏览器,耗时:1.4175713062286377秒
2024-11-11 11:09:24,492  -----selenium------  INFO  打开地址http://39.102.208.214/haidao,耗时:2.8232269287109375秒
2024-11-11 11:09:24,512  -----selenium------  INFO  等待元素text,登录,耗时:0.020220041275024414秒
2024-11-11 11:09:24,776  -----selenium------  INFO  点击元素text,登录,耗时:0.2843515872955322秒
2024-11-11 11:09:24,791  -----selenium------  INFO  等待元素name,username,耗时:0.014918088912963867秒
2024-11-11 11:09:24,882  -----selenium------  INFO  输入内容name,username,admin,耗时:0.10634922981262207秒
2024-11-11 11:09:24,895  -----selenium------  INFO  等待元素name,password,耗时:0.011307001113891602秒
2024-11-11 11:09:24,988  -----selenium------  INFO  输入内容name,password,111111,耗时:0.10406708717346191秒
2024-11-11 11:09:25,000  -----selenium------  INFO  等待元素id,popup-submit,耗时:0.011452674865722656秒
2024-11-11 11:09:25,061  -----selenium------  INFO  点击元素id,popup-submit,耗时:0.07286930084228516秒
2024-11-11 11:09:28,074  -----selenium------  INFO  等待元素xpath,/html/body/div[1]/div/ul[2]/li[1]/a,耗时:0.0128021240234375秒
2024-11-11 11:09:28,103  -----selenium------  INFO  获取文本xpath,/html/body/div[1]/div/ul[2]/li[1]/a,耗时:0.04148268699645996秒
2024-11-11 11:09:30,267  -----selenium------  INFO  关闭浏览器,耗时:2.163703680038452秒
2024-11-11 11:09:31,674  -----selenium------  INFO  启动chrome浏览器,耗时:1.4075262546539307秒
2024-11-11 11:09:31,674  -----selenium------  INFO  启动chrome浏览器,耗时:1.4075262546539307秒
2024-11-11 11:09:34,479  -----selenium------  INFO  打开地址http://39.102.208.214/haidao,耗时:2.804685115814209秒
2024-11-11 11:09:34,479  -----selenium------  INFO  打开地址http://39.102.208.214/haidao,耗时:2.804685115814209秒
2024-11-11 11:09:34,501  -----selenium------  INFO  等待元素text,登录,耗时:0.02114272117614746秒
2024-11-11 11:09:34,501  -----selenium------  INFO  等待元素text,登录,耗时:0.02114272117614746秒
2024-11-11 11:09:34,784  -----selenium------  INFO  点击元素text,登录,耗时:0.3034653663635254秒
2024-11-11 11:09:34,784  -----selenium------  INFO  点击元素text,登录,耗时:0.3034653663635254秒
2024-11-11 11:09:34,799  -----selenium------  INFO  等待元素name,username,耗时:0.014355897903442383秒
2024-11-11 11:09:34,799  -----selenium------  INFO  等待元素name,username,耗时:0.014355897903442383秒
2024-11-11 11:09:34,899  -----selenium------  INFO  输入内容name,username,admin,耗时:0.11395406723022461秒
2024-11-11 11:09:34,899  -----selenium------  INFO  输入内容name,username,admin,耗时:0.11395406723022461秒
2024-11-11 11:09:34,911  -----selenium------  INFO  等待元素name,password,耗时:0.012324094772338867秒
2024-11-11 11:09:34,911  -----selenium------  INFO  等待元素name,password,耗时:0.012324094772338867秒
2024-11-11 11:09:35,002  -----selenium------  INFO  输入内容name,password,1111110,耗时:0.10327577590942383秒
2024-11-11 11:09:35,002  -----selenium------  INFO  输入内容name,password,1111110,耗时:0.10327577590942383秒
2024-11-11 11:09:35,010  -----selenium------  INFO  等待元素id,popup-submit,耗时:0.006861209869384766秒
2024-11-11 11:09:35,010  -----selenium------  INFO  等待元素id,popup-submit,耗时:0.006861209869384766秒
2024-11-11 11:09:35,082  -----selenium------  INFO  点击元素id,popup-submit,耗时:0.07917428016662598秒
2024-11-11 11:09:35,082  -----selenium------  INFO  点击元素id,popup-submit,耗时:0.07917428016662598秒
2024-11-11 11:09:35,168  -----selenium------  INFO  等待元素class,error,耗时:0.0842747688293457秒
2024-11-11 11:09:35,168  -----selenium------  INFO  等待元素class,error,耗时:0.0842747688293457秒
2024-11-11 11:09:35,192  -----selenium------  INFO  获取文本class,error,耗时:0.10871338844299316秒
2024-11-11 11:09:35,192  -----selenium------  INFO  获取文本class,error,耗时:0.10871338844299316秒
2024-11-11 11:09:37,371  -----selenium------  INFO  关闭浏览器,耗时:2.177191734313965秒
2024-11-11 11:09:37,371  -----selenium------  INFO  关闭浏览器,耗时:2.177191734313965秒
