2024-11-14 08:42:14,932  -----selenium------  INFO  启动chrome浏览器,耗时:3.72293758392334秒
2024-11-14 08:43:03,494  -----selenium------  INFO  打开地址http://39.102.208.214/haidao,耗时:48.56170153617859秒
2024-11-14 08:43:03,512  -----selenium------  INFO  等待元素text,注册,耗时:0.01852273941040039秒
2024-11-14 08:43:03,826  -----selenium------  INFO  点击元素text,注册,耗时:0.33268189430236816秒
2024-11-14 08:43:03,855  -----selenium------  INFO  等待元素name,username,耗时:0.028504371643066406秒
2024-11-14 08:43:03,975  -----selenium------  INFO  输入内容name,username,admin5563595,耗时:0.14869022369384766秒
2024-11-14 08:43:03,982  -----selenium------  INFO  等待元素name,password,耗时:0.006428956985473633秒
2024-11-14 08:43:04,073  -----selenium------  INFO  输入内容name,password,111111,耗时:0.0980226993560791秒
2024-11-14 08:43:04,086  -----selenium------  INFO  等待元素name,pwdconfirm,耗时:0.012577295303344727秒
2024-11-14 08:43:04,170  -----selenium------  INFO  输入内容name,pwdconfirm,111111,耗时:0.09680056571960449秒
2024-11-14 08:43:04,182  -----selenium------  INFO  等待元素name,email,耗时:0.01098942756652832秒
2024-11-14 08:43:04,308  -----selenium------  INFO  输入内容name,email,admin76@qq.com,耗时:0.13747215270996094秒
2024-11-14 08:43:04,322  -----selenium------  INFO  等待元素name,mobile,耗时:0.01385045051574707秒
2024-11-14 08:43:04,421  -----selenium------  INFO  输入内容name,mobile,17631251938,耗时:0.11275768280029297秒
2024-11-14 08:43:04,433  -----selenium------  INFO  等待元素name,dosubmit,耗时:0.010861635208129883秒
2024-11-14 08:43:04,500  -----selenium------  INFO  点击元素name,dosubmit,耗时:0.0778658390045166秒
2024-11-14 08:43:07,515  -----selenium------  INFO  等待元素xpath,/html/body/div[1]/div/ul[2]/li[1]/a,耗时:0.013496637344360352秒
2024-11-14 08:43:07,541  -----selenium------  INFO  获取文本xpath,/html/body/div[1]/div/ul[2]/li[1]/a,耗时:0.039528608322143555秒
2024-11-14 08:43:09,715  -----selenium------  INFO  关闭浏览器,耗时:2.1727688312530518秒
2024-11-14 08:43:11,233  -----selenium------  INFO  启动chrome浏览器,耗时:1.4964544773101807秒
2024-11-14 08:43:11,233  -----selenium------  INFO  启动chrome浏览器,耗时:1.4964544773101807秒
2024-11-14 08:43:14,028  -----selenium------  INFO  打开地址http://39.102.208.214/haidao,耗时:2.7940304279327393秒
2024-11-14 08:43:14,028  -----selenium------  INFO  打开地址http://39.102.208.214/haidao,耗时:2.7940304279327393秒
2024-11-14 08:43:14,046  -----selenium------  INFO  等待元素text,注册,耗时:0.015349626541137695秒
2024-11-14 08:43:14,046  -----selenium------  INFO  等待元素text,注册,耗时:0.015349626541137695秒
2024-11-14 08:43:14,343  -----selenium------  INFO  点击元素text,注册,耗时:0.31305932998657227秒
2024-11-14 08:43:14,343  -----selenium------  INFO  点击元素text,注册,耗时:0.31305932998657227秒
2024-11-14 08:43:14,376  -----selenium------  INFO  等待元素name,username,耗时:0.03170919418334961秒
2024-11-14 08:43:14,376  -----selenium------  INFO  等待元素name,username,耗时:0.03170919418334961秒
2024-11-14 08:43:14,465  -----selenium------  INFO  输入内容name,username,aa,耗时:0.11986875534057617秒
2024-11-14 08:43:14,465  -----selenium------  INFO  输入内容name,username,aa,耗时:0.11986875534057617秒
2024-11-14 08:43:14,477  -----selenium------  INFO  等待元素name,password,耗时:0.011468887329101562秒
2024-11-14 08:43:14,477  -----selenium------  INFO  等待元素name,password,耗时:0.011468887329101562秒
2024-11-14 08:43:14,538  -----selenium------  INFO  点击元素name,password,耗时:0.073150634765625秒
2024-11-14 08:43:14,538  -----selenium------  INFO  点击元素name,password,耗时:0.073150634765625秒
2024-11-14 08:43:17,550  -----selenium------  INFO  等待元素class,validform_checktip,耗时:0.010614156723022461秒
2024-11-14 08:43:17,550  -----selenium------  INFO  等待元素class,validform_checktip,耗时:0.010614156723022461秒
2024-11-14 08:43:17,578  -----selenium------  INFO  获取文本class,validform_checktip,耗时:0.03886914253234863秒
2024-11-14 08:43:17,578  -----selenium------  INFO  获取文本class,validform_checktip,耗时:0.03886914253234863秒
2024-11-14 08:43:19,742  -----selenium------  INFO  关闭浏览器,耗时:2.1628854274749756秒
2024-11-14 08:43:19,742  -----selenium------  INFO  关闭浏览器,耗时:2.1628854274749756秒
2024-11-14 09:07:42,347  -----selenium------  INFO  启动chrome浏览器,耗时:1.5432181358337402秒
2024-11-14 09:07:45,223  -----selenium------  INFO  打开地址http://39.102.208.214/haidao,耗时:2.8762876987457275秒
2024-11-14 09:07:45,238  -----selenium------  INFO  等待元素text,注册,耗时:0.015164613723754883秒
2024-11-14 09:07:45,511  -----selenium------  INFO  点击元素text,注册,耗时:0.287642240524292秒
2024-11-14 09:07:45,528  -----selenium------  INFO  等待元素name,username,耗时:0.0176541805267334秒
2024-11-14 09:07:45,646  -----selenium------  INFO  输入内容name,username,admin9502671,耗时:0.13557982444763184秒
2024-11-14 09:07:45,660  -----selenium------  INFO  等待元素name,password,耗时:0.012093782424926758秒
2024-11-14 09:07:45,748  -----selenium------  INFO  输入内容name,password,111111,耗时:0.100555419921875秒
2024-11-14 09:07:45,760  -----selenium------  INFO  等待元素name,pwdconfirm,耗时:0.011863470077514648秒
2024-11-14 09:07:45,841  -----selenium------  INFO  输入内容name,pwdconfirm,111111,耗时:0.09279322624206543秒
2024-11-14 09:07:45,859  -----selenium------  INFO  等待元素name,email,耗时:0.0177919864654541秒
2024-11-14 09:07:45,969  -----selenium------  INFO  输入内容name,email,admin28@qq.com,耗时:0.12781548500061035秒
2024-11-14 09:07:45,980  -----selenium------  INFO  等待元素name,mobile,耗时:0.010029315948486328秒
2024-11-14 09:07:46,083  -----selenium------  INFO  输入内容name,mobile,17689020671,耗时:0.11293959617614746秒
2024-11-14 09:07:46,094  -----selenium------  INFO  等待元素name,dosubmit,耗时:0.010003805160522461秒
2024-11-14 09:07:46,158  -----selenium------  INFO  点击元素name,dosubmit,耗时:0.07373642921447754秒
2024-11-14 09:07:49,171  -----selenium------  INFO  等待元素xpath,/html/body/div[1]/div/ul[2]/li[1]/a,耗时:0.012810468673706055秒
2024-11-14 09:07:49,199  -----selenium------  INFO  获取文本xpath,/html/body/div[1]/div/ul[2]/li[1]/a,耗时:0.0407254695892334秒
2024-11-14 09:07:51,392  -----selenium------  INFO  关闭浏览器,耗时:2.190908432006836秒
2024-11-14 09:07:52,883  -----selenium------  INFO  启动chrome浏览器,耗时:1.471705436706543秒
2024-11-14 09:07:52,883  -----selenium------  INFO  启动chrome浏览器,耗时:1.471705436706543秒
2024-11-14 09:07:55,688  -----selenium------  INFO  打开地址http://39.102.208.214/haidao,耗时:2.803149700164795秒
2024-11-14 09:07:55,688  -----selenium------  INFO  打开地址http://39.102.208.214/haidao,耗时:2.803149700164795秒
2024-11-14 09:07:55,710  -----selenium------  INFO  等待元素text,注册,耗时:0.020849943161010742秒
2024-11-14 09:07:55,710  -----selenium------  INFO  等待元素text,注册,耗时:0.020849943161010742秒
2024-11-14 09:07:55,981  -----selenium------  INFO  点击元素text,注册,耗时:0.2911696434020996秒
2024-11-14 09:07:55,981  -----selenium------  INFO  点击元素text,注册,耗时:0.2911696434020996秒
2024-11-14 09:07:55,997  -----selenium------  INFO  等待元素name,username,耗时:0.014747858047485352秒
2024-11-14 09:07:55,997  -----selenium------  INFO  等待元素name,username,耗时:0.014747858047485352秒
2024-11-14 09:07:56,081  -----selenium------  INFO  输入内容name,username,aa,耗时:0.09870719909667969秒
2024-11-14 09:07:56,081  -----selenium------  INFO  输入内容name,username,aa,耗时:0.09870719909667969秒
2024-11-14 09:07:56,092  -----selenium------  INFO  等待元素name,password,耗时:0.011585712432861328秒
2024-11-14 09:07:56,092  -----selenium------  INFO  等待元素name,password,耗时:0.011585712432861328秒
2024-11-14 09:07:56,154  -----selenium------  INFO  点击元素name,password,耗时:0.0730438232421875秒
2024-11-14 09:07:56,154  -----selenium------  INFO  点击元素name,password,耗时:0.0730438232421875秒
2024-11-14 09:07:59,170  -----selenium------  INFO  等待元素class,validform_checktip,耗时:0.014427661895751953秒
2024-11-14 09:07:59,170  -----selenium------  INFO  等待元素class,validform_checktip,耗时:0.014427661895751953秒
2024-11-14 09:07:59,195  -----selenium------  INFO  获取文本class,validform_checktip,耗时:0.03949546813964844秒
2024-11-14 09:07:59,195  -----selenium------  INFO  获取文本class,validform_checktip,耗时:0.03949546813964844秒
2024-11-14 09:08:01,410  -----selenium------  INFO  关闭浏览器,耗时:2.210284471511841秒
2024-11-14 09:08:01,410  -----selenium------  INFO  关闭浏览器,耗时:2.210284471511841秒
2024-11-14 11:09:58,036  -----selenium------  INFO  启动chrome浏览器,耗时:28.24531888961792秒
2024-11-14 11:10:29,312  -----selenium------  INFO  启动chrome浏览器,耗时:1.4753296375274658秒
2024-11-14 11:10:30,484  -----selenium------  INFO  打开地址https://www.zhipin.com/?ka=header-home-logo,耗时:1.172377109527588秒
2024-11-14 11:21:05,953  -----selenium------  INFO  启动chrome浏览器,耗时:1.5141055583953857秒
2024-11-14 11:21:07,066  -----selenium------  INFO  打开地址https://www.zhipin.com/?ka=header-home-logo,耗时:1.113635778427124秒
2024-11-14 11:21:07,088  -----selenium------  INFO  等待元素text,登录/注册,耗时:0.021326541900634766秒
2024-11-14 11:21:07,479  -----selenium------  INFO  点击元素text,登录/注册,耗时:0.4127979278564453秒
2024-11-14 11:21:17,654  -----selenium------  INFO  等待元素text,校园,耗时:0.17057013511657715秒
2024-11-14 11:21:18,953  -----selenium------  INFO  点击元素text,校园,耗时:1.4697563648223877秒
2024-11-14 11:21:18,971  -----selenium------  INFO  等待元素xpath,/html/body/div[1]/div/div/div[2]/div/div[1]/div/div[1]/div[2]/input,耗时:0.01594233512878418秒
2024-11-14 11:21:19,121  -----selenium------  INFO  输入内容xpath,/html/body/div[1]/div/div/div[2]/div/div[1]/div/div[1]/div[2]/input,python,耗时:0.16628813743591309秒
2024-11-14 11:21:19,137  -----selenium------  INFO  等待元素xpath,/html/body/div[1]/div/div/div[2]/div/div[1]/div/div[1]/a,耗时:0.016487836837768555秒
2024-11-14 11:21:19,481  -----selenium------  INFO  点击元素xpath,/html/body/div[1]/div/div/div[2]/div/div[1]/div/div[1]/a,耗时:0.3597533702850342秒
