2024-11-13 09:42:42,857  -----selenium------  INFO  启动chrome浏览器,耗时:1.726823329925537秒
2024-11-13 09:43:30,696  -----selenium------  INFO  打开地址http://39.102.208.214/haidao,耗时:47.83824586868286秒
2024-11-13 09:43:30,713  -----selenium------  INFO  等待元素text,注册,耗时:0.017453432083129883秒
2024-11-13 09:43:31,015  -----selenium------  INFO  点击元素text,注册,耗时:0.31899046897888184秒
2024-11-13 09:43:31,030  -----selenium------  INFO  等待元素name,username,耗时:0.015064001083374023秒
2024-11-13 09:43:31,126  -----selenium------  INFO  输入内容name,username,admin96,耗时:0.11137032508850098秒
2024-11-13 09:43:31,140  -----selenium------  INFO  等待元素name,password,耗时:0.01285243034362793秒
2024-11-13 09:43:31,226  -----selenium------  INFO  输入内容name,password,111111,耗时:0.09922122955322266秒
2024-11-13 09:43:31,239  -----selenium------  INFO  等待元素name,pwdconfirm,耗时:0.012434005737304688秒
2024-11-13 09:43:31,323  -----selenium------  INFO  输入内容name,pwdconfirm,111111,耗时:0.09682154655456543秒
2024-11-13 09:43:31,334  -----selenium------  INFO  等待元素name,email,耗时:0.009920358657836914秒
2024-11-13 09:43:31,447  -----selenium------  INFO  输入内容name,email,admin31@qq.com,耗时:0.12300705909729004秒
2024-11-13 09:43:31,460  -----selenium------  INFO  等待元素name,mobile,耗时:0.012327194213867188秒
2024-11-13 09:43:31,564  -----selenium------  INFO  输入内容name,mobile,17658065212,耗时:0.11650705337524414秒
2024-11-13 09:43:31,575  -----selenium------  INFO  等待元素name,dosubmit,耗时:0.009607315063476562秒
2024-11-13 09:43:31,638  -----selenium------  INFO  点击元素name,dosubmit,耗时:0.0726323127746582秒
2024-11-13 09:43:34,653  -----selenium------  INFO  等待元素xpath,/html/body/div[1]/div/ul[2]/li[1]/a,耗时:0.01385354995727539秒
2024-11-13 09:43:34,678  -----selenium------  INFO  获取文本xpath,/html/body/div[1]/div/ul[2]/li[1]/a,耗时:0.03965330123901367秒
2024-11-13 09:43:36,948  -----selenium------  INFO  关闭浏览器,耗时:2.162208080291748秒
2024-11-13 09:51:59,737  -----selenium------  INFO  启动chrome浏览器,耗时:1.4518229961395264秒
2024-11-13 09:52:02,558  -----selenium------  INFO  打开地址http://39.102.208.214/haidao,耗时:2.8196754455566406秒
2024-11-13 09:52:02,581  -----selenium------  INFO  等待元素text,注册,耗时:0.021919965744018555秒
2024-11-13 09:52:02,848  -----selenium------  INFO  点击元素text,注册,耗时:0.2895622253417969秒
2024-11-13 09:52:02,863  -----selenium------  INFO  等待元素name,username,耗时:0.013080835342407227秒
2024-11-13 09:52:02,974  -----selenium------  INFO  输入内容name,username,admin3747515,耗时:0.12427401542663574秒
2024-11-13 09:52:02,985  -----selenium------  INFO  等待元素name,password,耗时:0.011363029479980469秒
2024-11-13 09:52:03,065  -----selenium------  INFO  输入内容name,password,111111,耗时:0.09119296073913574秒
2024-11-13 09:52:03,076  -----selenium------  INFO  等待元素name,pwdconfirm,耗时:0.00999140739440918秒
2024-11-13 09:52:03,159  -----selenium------  INFO  输入内容name,pwdconfirm,111111,耗时:0.0929267406463623秒
2024-11-13 09:52:03,171  -----selenium------  INFO  等待元素name,email,耗时:0.010732173919677734秒
2024-11-13 09:52:03,277  -----selenium------  INFO  输入内容name,email,admin100@qq.com,耗时:0.11627411842346191秒
2024-11-13 09:52:03,289  -----selenium------  INFO  等待元素name,mobile,耗时:0.011296987533569336秒
2024-11-13 09:52:03,389  -----selenium------  INFO  输入内容name,mobile,17629339994,耗时:0.11132383346557617秒
2024-11-13 09:52:03,399  -----selenium------  INFO  等待元素name,dosubmit,耗时:0.009998321533203125秒
2024-11-13 09:52:03,458  -----selenium------  INFO  点击元素name,dosubmit,耗时:0.06916069984436035秒
2024-11-13 09:52:06,474  -----selenium------  INFO  等待元素xpath,/html/body/div[1]/div/ul[2]/li[1]/a,耗时:0.014794349670410156秒
2024-11-13 09:52:06,498  -----selenium------  INFO  获取文本xpath,/html/body/div[1]/div/ul[2]/li[1]/a,耗时:0.03942108154296875秒
2024-11-13 09:52:08,733  -----selenium------  INFO  关闭浏览器,耗时:2.1622159481048584秒
2024-11-13 09:52:10,167  -----selenium------  INFO  启动chrome浏览器,耗时:1.412477731704712秒
2024-11-13 09:52:10,167  -----selenium------  INFO  启动chrome浏览器,耗时:1.412477731704712秒
2024-11-13 09:52:12,995  -----selenium------  INFO  打开地址http://39.102.208.214/haidao,耗时:2.825820207595825秒
2024-11-13 09:52:12,995  -----selenium------  INFO  打开地址http://39.102.208.214/haidao,耗时:2.825820207595825秒
2024-11-13 09:52:13,011  -----selenium------  INFO  等待元素text,注册,耗时:0.014497756958007812秒
2024-11-13 09:52:13,011  -----selenium------  INFO  等待元素text,注册,耗时:0.014497756958007812秒
2024-11-13 09:52:13,313  -----selenium------  INFO  点击元素text,注册,耗时:0.317340612411499秒
2024-11-13 09:52:13,313  -----selenium------  INFO  点击元素text,注册,耗时:0.317340612411499秒
2024-11-13 09:52:13,328  -----selenium------  INFO  等待元素name,username,耗时:0.015152454376220703秒
2024-11-13 09:52:13,328  -----selenium------  INFO  等待元素name,username,耗时:0.015152454376220703秒
2024-11-13 09:52:13,398  -----selenium------  INFO  输入内容name,username,aa,耗时:0.08466815948486328秒
2024-11-13 09:52:13,398  -----selenium------  INFO  输入内容name,username,aa,耗时:0.08466815948486328秒
2024-11-13 09:52:13,409  -----selenium------  INFO  等待元素name,password,耗时:0.010512113571166992秒
2024-11-13 09:52:13,409  -----selenium------  INFO  等待元素name,password,耗时:0.010512113571166992秒
2024-11-13 09:52:13,467  -----selenium------  INFO  点击元素name,password,耗时:0.06917953491210938秒
2024-11-13 09:52:13,467  -----selenium------  INFO  点击元素name,password,耗时:0.06917953491210938秒
2024-11-13 09:52:16,483  -----selenium------  INFO  等待元素class,validform_checktip,耗时:0.01424098014831543秒
2024-11-13 09:52:16,483  -----selenium------  INFO  等待元素class,validform_checktip,耗时:0.01424098014831543秒
2024-11-13 09:52:16,510  -----selenium------  INFO  获取文本class,validform_checktip,耗时:0.04094719886779785秒
2024-11-13 09:52:16,510  -----selenium------  INFO  获取文本class,validform_checktip,耗时:0.04094719886779785秒
2024-11-13 09:52:18,659  -----selenium------  INFO  关闭浏览器,耗时:2.144881248474121秒
2024-11-13 09:52:18,659  -----selenium------  INFO  关闭浏览器,耗时:2.144881248474121秒
2024-11-13 09:54:35,296  -----selenium------  INFO  启动chrome浏览器,耗时:1.4573347568511963秒
2024-11-13 09:54:38,193  -----selenium------  INFO  打开地址http://39.102.208.214/haidao,耗时:2.895505666732788秒
2024-11-13 09:54:38,211  -----selenium------  INFO  等待元素text,注册,耗时:0.017315149307250977秒
2024-11-13 09:54:38,498  -----selenium------  INFO  点击元素text,注册,耗时:0.304398775100708秒
2024-11-13 09:54:38,509  -----selenium------  INFO  等待元素name,username,耗时:0.010928869247436523秒
2024-11-13 09:54:38,626  -----selenium------  INFO  输入内容name,username,admin9881721,耗时:0.12818050384521484秒
2024-11-13 09:54:38,637  -----selenium------  INFO  等待元素name,password,耗时:0.010302305221557617秒
2024-11-13 09:54:38,725  -----selenium------  INFO  输入内容name,password,111111,耗时:0.09849047660827637秒
2024-11-13 09:54:38,735  -----selenium------  INFO  等待元素name,pwdconfirm,耗时:0.009547948837280273秒
2024-11-13 09:54:38,819  -----selenium------  INFO  输入内容name,pwdconfirm,111111,耗时:0.0935523509979248秒
2024-11-13 09:54:38,833  -----selenium------  INFO  等待元素name,email,耗时:0.011918306350708008秒
2024-11-13 09:54:38,945  -----selenium------  INFO  输入内容name,email,admin89@qq.com,耗时:0.1247551441192627秒
2024-11-13 09:54:38,959  -----selenium------  INFO  等待元素name,mobile,耗时:0.01238870620727539秒
2024-11-13 09:54:39,061  -----selenium------  INFO  输入内容name,mobile,17638163880,耗时:0.11406898498535156秒
2024-11-13 09:54:39,073  -----selenium------  INFO  等待元素name,dosubmit,耗时:0.011205196380615234秒
2024-11-13 09:54:39,129  -----selenium------  INFO  点击元素name,dosubmit,耗时:0.06745600700378418秒
2024-11-13 09:54:42,144  -----selenium------  INFO  等待元素xpath,/html/body/div[1]/div/ul[2]/li[1]/a,耗时:0.01287841796875秒
2024-11-13 09:54:42,170  -----selenium------  INFO  获取文本xpath,/html/body/div[1]/div/ul[2]/li[1]/a,耗时:0.03873944282531738秒
2024-11-13 09:54:44,324  -----selenium------  INFO  关闭浏览器,耗时:2.151456356048584秒
2024-11-13 09:54:45,767  -----selenium------  INFO  启动chrome浏览器,耗时:1.4377288818359375秒
2024-11-13 09:54:45,767  -----selenium------  INFO  启动chrome浏览器,耗时:1.4377288818359375秒
2024-11-13 09:54:48,596  -----selenium------  INFO  打开地址http://39.102.208.214/haidao,耗时:2.8273749351501465秒
2024-11-13 09:54:48,596  -----selenium------  INFO  打开地址http://39.102.208.214/haidao,耗时:2.8273749351501465秒
2024-11-13 09:54:48,612  -----selenium------  INFO  等待元素text,注册,耗时:0.015560150146484375秒
2024-11-13 09:54:48,612  -----selenium------  INFO  等待元素text,注册,耗时:0.015560150146484375秒
2024-11-13 09:54:48,887  -----selenium------  INFO  点击元素text,注册,耗时:0.2910327911376953秒
2024-11-13 09:54:48,887  -----selenium------  INFO  点击元素text,注册,耗时:0.2910327911376953秒
2024-11-13 09:54:48,903  -----selenium------  INFO  等待元素name,username,耗时:0.01510000228881836秒
2024-11-13 09:54:48,903  -----selenium------  INFO  等待元素name,username,耗时:0.01510000228881836秒
2024-11-13 09:54:48,991  -----selenium------  INFO  输入内容name,username,aa,耗时:0.1027994155883789秒
2024-11-13 09:54:48,991  -----selenium------  INFO  输入内容name,username,aa,耗时:0.1027994155883789秒
2024-11-13 09:54:49,004  -----selenium------  INFO  等待元素name,password,耗时:0.012628555297851562秒
2024-11-13 09:54:49,004  -----selenium------  INFO  等待元素name,password,耗时:0.012628555297851562秒
2024-11-13 09:54:49,061  -----selenium------  INFO  点击元素name,password,耗时:0.07022809982299805秒
2024-11-13 09:54:49,061  -----selenium------  INFO  点击元素name,password,耗时:0.07022809982299805秒
2024-11-13 09:54:52,074  -----selenium------  INFO  等待元素class,validform_checktip,耗时:0.008254766464233398秒
2024-11-13 09:54:52,074  -----selenium------  INFO  等待元素class,validform_checktip,耗时:0.008254766464233398秒
2024-11-13 09:54:52,098  -----selenium------  INFO  获取文本class,validform_checktip,耗时:0.03233742713928223秒
2024-11-13 09:54:52,098  -----selenium------  INFO  获取文本class,validform_checktip,耗时:0.03233742713928223秒
2024-11-13 09:54:54,260  -----selenium------  INFO  关闭浏览器,耗时:2.150895833969116秒
2024-11-13 09:54:54,260  -----selenium------  INFO  关闭浏览器,耗时:2.150895833969116秒
2024-11-13 11:58:55,170  -----selenium------  INFO  启动chrome浏览器,耗时:136.7650535106659秒
2024-11-13 11:59:42,988  -----selenium------  INFO  打开地址http://39.102.208.214/haidao,耗时:47.81690192222595秒
2024-11-13 11:59:43,021  -----selenium------  INFO  等待元素text,注册,耗时:0.03171873092651367秒
2024-11-13 11:59:43,335  -----selenium------  INFO  点击元素text,注册,耗时:0.3452286720275879秒
2024-11-13 11:59:43,350  -----selenium------  INFO  等待元素name,username,耗时:0.014944791793823242秒
2024-11-13 11:59:43,441  -----selenium------  INFO  输入内容name,username,admin4284718,耗时:0.10525751113891602秒
2024-11-13 11:59:43,452  -----selenium------  INFO  等待元素name,password,耗时:0.011615514755249023秒
2024-11-13 11:59:43,543  -----selenium------  INFO  输入内容name,password,111111,耗时:0.10238432884216309秒
2024-11-13 11:59:43,555  -----selenium------  INFO  等待元素name,pwdconfirm,耗时:0.011119365692138672秒
2024-11-13 11:59:43,615  -----selenium------  INFO  输入内容name,pwdconfirm,111111,耗时:0.07195234298706055秒
2024-11-13 11:59:43,651  -----selenium------  INFO  等待元素name,email,耗时:0.03546929359436035秒
2024-11-13 11:59:43,731  -----selenium------  INFO  输入内容name,email,admin97@qq.com,耗时:0.11580657958984375秒
2024-11-13 11:59:43,743  -----selenium------  INFO  等待元素name,mobile,耗时:0.010800361633300781秒
2024-11-13 11:59:43,821  -----selenium------  INFO  输入内容name,mobile,17671607920,耗时:0.08857154846191406秒
2024-11-13 11:59:43,833  -----selenium------  INFO  等待元素name,dosubmit,耗时:0.011921405792236328秒
2024-11-13 11:59:43,909  -----selenium------  INFO  点击元素name,dosubmit,耗时:0.08777570724487305秒
2024-11-13 11:59:46,922  -----selenium------  INFO  等待元素xpath,/html/body/div[1]/div/ul[2]/li[1]/a,耗时:0.011419057846069336秒
2024-11-13 11:59:46,945  -----selenium------  INFO  获取文本xpath,/html/body/div[1]/div/ul[2]/li[1]/a,耗时:0.034308671951293945秒
2024-11-13 11:59:49,106  -----selenium------  INFO  关闭浏览器,耗时:2.1615164279937744秒
2024-11-13 11:59:50,734  -----selenium------  INFO  启动chrome浏览器,耗时:1.6216621398925781秒
2024-11-13 11:59:50,734  -----selenium------  INFO  启动chrome浏览器,耗时:1.6216621398925781秒
2024-11-13 11:59:53,610  -----selenium------  INFO  打开地址http://39.102.208.214/haidao,耗时:2.8735992908477783秒
2024-11-13 11:59:53,610  -----selenium------  INFO  打开地址http://39.102.208.214/haidao,耗时:2.8735992908477783秒
2024-11-13 11:59:53,634  -----selenium------  INFO  等待元素text,注册,耗时:0.022332429885864258秒
2024-11-13 11:59:53,634  -----selenium------  INFO  等待元素text,注册,耗时:0.022332429885864258秒
2024-11-13 11:59:53,943  -----selenium------  INFO  点击元素text,注册,耗时:0.3315165042877197秒
2024-11-13 11:59:53,943  -----selenium------  INFO  点击元素text,注册,耗时:0.3315165042877197秒
2024-11-13 11:59:53,981  -----selenium------  INFO  等待元素name,username,耗时:0.036759138107299805秒
2024-11-13 11:59:53,981  -----selenium------  INFO  等待元素name,username,耗时:0.036759138107299805秒
2024-11-13 11:59:54,063  -----selenium------  INFO  输入内容name,username,aa,耗时:0.11888527870178223秒
2024-11-13 11:59:54,063  -----selenium------  INFO  输入内容name,username,aa,耗时:0.11888527870178223秒
2024-11-13 11:59:54,079  -----selenium------  INFO  等待元素name,password,耗时:0.015869617462158203秒
2024-11-13 11:59:54,079  -----selenium------  INFO  等待元素name,password,耗时:0.015869617462158203秒
2024-11-13 11:59:54,159  -----selenium------  INFO  点击元素name,password,耗时:0.09601187705993652秒
2024-11-13 11:59:54,159  -----selenium------  INFO  点击元素name,password,耗时:0.09601187705993652秒
2024-11-13 11:59:57,175  -----selenium------  INFO  等待元素class,validform_checktip,耗时:0.011281251907348633秒
2024-11-13 11:59:57,175  -----selenium------  INFO  等待元素class,validform_checktip,耗时:0.011281251907348633秒
2024-11-13 11:59:57,206  -----selenium------  INFO  获取文本class,validform_checktip,耗时:0.04268980026245117秒
2024-11-13 11:59:57,206  -----selenium------  INFO  获取文本class,validform_checktip,耗时:0.04268980026245117秒
2024-11-13 11:59:59,356  -----selenium------  INFO  关闭浏览器,耗时:2.148768186569214秒
2024-11-13 11:59:59,356  -----selenium------  INFO  关闭浏览器,耗时:2.148768186569214秒
